#
# There is insufficient memory for the Java Runtime Environment to continue.
# Native memory allocation (mmap) failed to map 201326592 bytes for Failed to commit area from 0x0000000741600000 to 0x000000074d600000 of length 201326592.
# Possible reasons:
#   The system is out of physical RAM or swap space
#   The process is running with CompressedOops enabled, and the Java Heap may be blocking the growth of the native heap
# Possible solutions:
#   Reduce memory load on the system
#   Increase physical memory or swap space
#   Check if swap backing store is full
#   Decrease Java heap size (-Xmx/-Xms)
#   Decrease number of Java threads
#   Decrease Java thread stack sizes (-Xss)
#   Set larger code cache with -XX:ReservedCodeCacheSize=
# This output file may be truncated or incomplete.
#
#  Out of Memory Error (./src/hotspot/os/windows/os_windows.cpp:3521), pid=1652, tid=9844
#
# JRE version:  (11.0.12+7) (build )
# Java VM: OpenJDK 64-Bit Server VM (11.0.12+7-b1504.28-7817840, mixed mode, sharing, tiered, compressed oops, g1 gc, windows-amd64)
# No core dump will be written. Minidumps are not enabled by default on client versions of Windows
#

---------------  S U M M A R Y ------------

Command Line: org.jetbrains.kotlin.cli.jvm.K2JVMCompiler @C:\Users\leoba\AndroidStudioProjects\TextRecognizer\Workmanager\app\build\20220727_15776237838051912505.compiler.options

Host: Intel(R) Core(TM) i3-7020U CPU @ 2.30GHz, 4 cores, 11G,  Windows 10 , 64 bit Build 19041 (10.0.19041.1806)
Time: Wed Jul 27 17:15:55 2022 Hora estándar de Argentina elapsed time: 0.018408 seconds (0d 0h 0m 0s)

---------------  T H R E A D  ---------------

Current thread (0x000002886bd9c000):  JavaThread "Unknown thread" [_thread_in_vm, id=9844, stack(0x000000a765d00000,0x000000a765e00000)]

Stack: [0x000000a765d00000,0x000000a765e00000]
Native frames: (J=compiled Java code, j=interpreted, Vv=VM code, C=native code)
V  [jvm.dll+0x5fbcea]
V  [jvm.dll+0x731905]
V  [jvm.dll+0x732f1d]
V  [jvm.dll+0x7335d3]
V  [jvm.dll+0x247bf8]
V  [jvm.dll+0x5f90b4]
V  [jvm.dll+0x5edc85]
V  [jvm.dll+0x305aeb]
V  [jvm.dll+0x305a5a]
V  [jvm.dll+0x305932]
V  [jvm.dll+0x30a896]
V  [jvm.dll+0x353803]
V  [jvm.dll+0x353f06]
V  [jvm.dll+0x353903]
V  [jvm.dll+0x2e0678]
V  [jvm.dll+0x2e1827]
V  [jvm.dll+0x710037]
V  [jvm.dll+0x71182c]
V  [jvm.dll+0x360da9]
V  [jvm.dll+0x6f390e]
V  [jvm.dll+0x3c9723]
V  [jvm.dll+0x3cb9b1]
C  [jli.dll+0x536b]
C  [ucrtbase.dll+0x21bb2]
C  [KERNEL32.DLL+0x17034]
C  [ntdll.dll+0x52651]


---------------  P R O C E S S  ---------------

Threads class SMR info:
_java_thread_list=0x0000028869ba2ac0, length=0, elements={
}

Java Threads: ( => current thread )

Other Threads:
  0x000002886bdb4800 GCTaskThread "GC Thread#0" [stack: 0x000000a765e00000,0x000000a765f00000] [id=11332]
  0x000002886bdfb000 ConcurrentGCThread "G1 Main Marker" [stack: 0x000000a765f00000,0x000000a766000000] [id=18556]
  0x000002886bdfc800 ConcurrentGCThread "G1 Conc#0" [stack: 0x000000a766000000,0x000000a766100000] [id=16716]

[error occurred during error reporting (printing all threads), id 0xc0000005, EXCEPTION_ACCESS_VIOLATION (0xc0000005) at pc=0x00007ffb38970be7]

VM state:not at safepoint (not fully initialized)

VM Mutex/Monitor currently owned by a thread:  ([mutex/lock_event])
[0x000002886bd98070] Heap_lock - owner thread: 0x000002886bd9c000

Heap address: 0x0000000741600000, size: 3050 MB, Compressed Oops mode: Non-zero based: 0x0000000741600000
Narrow klass base: 0x0000000000000000, Narrow klass shift: 0

GC Heap History (0 events):
No events

Deoptimization events (0 events):
No events

Classes redefined (0 events):
No events

Internal exceptions (0 events):
No events

Events (1 events):
Event: 0.012 Loaded shared library C:\Program Files\Android\Android Studio4\jre\bin\zip.dll


Dynamic libraries:
0x00007ff75aab0000 - 0x00007ff75aaba000 	C:\Program Files\Android\Android Studio4\jre\bin\java.exe
0x00007ffba6870000 - 0x00007ffba6a68000 	C:\WINDOWS\SYSTEM32\ntdll.dll
0x00007ffba5200000 - 0x00007ffba52bd000 	C:\WINDOWS\System32\KERNEL32.DLL
0x00007ffba3f90000 - 0x00007ffba425e000 	C:\WINDOWS\System32\KERNELBASE.dll
0x00007ffba4300000 - 0x00007ffba4400000 	C:\WINDOWS\System32\ucrtbase.dll
0x00007ffb9ce20000 - 0x00007ffb9ce39000 	C:\Program Files\Android\Android Studio4\jre\bin\jli.dll
0x00007ffb9c5d0000 - 0x00007ffb9c5e7000 	C:\Program Files\Android\Android Studio4\jre\bin\VCRUNTIME140.dll
0x00007ffba6690000 - 0x00007ffba6830000 	C:\WINDOWS\System32\USER32.dll
0x00007ffba46a0000 - 0x00007ffba46c2000 	C:\WINDOWS\System32\win32u.dll
0x00007ffb89a40000 - 0x00007ffb89cda000 	C:\WINDOWS\WinSxS\amd64_microsoft.windows.common-controls_6595b64144ccf1df_6.0.19041.1110_none_60b5254171f9507e\COMCTL32.dll
0x00007ffba5120000 - 0x00007ffba514a000 	C:\WINDOWS\System32\GDI32.dll
0x00007ffba5080000 - 0x00007ffba511e000 	C:\WINDOWS\System32\msvcrt.dll
0x00007ffba4500000 - 0x00007ffba460b000 	C:\WINDOWS\System32\gdi32full.dll
0x00007ffba4260000 - 0x00007ffba42fd000 	C:\WINDOWS\System32\msvcp_win.dll
0x00007ffba6390000 - 0x00007ffba63c0000 	C:\WINDOWS\System32\IMM32.DLL
0x00007ffb92200000 - 0x00007ffb9229d000 	C:\Program Files\Android\Android Studio4\jre\bin\msvcp140.dll
0x00007ffb38680000 - 0x00007ffb39165000 	C:\Program Files\Android\Android Studio4\jre\bin\server\jvm.dll
0x00007ffba5150000 - 0x00007ffba51fe000 	C:\WINDOWS\System32\ADVAPI32.dll
0x00007ffba4a90000 - 0x00007ffba4b2c000 	C:\WINDOWS\System32\sechost.dll
0x00007ffba52c0000 - 0x00007ffba53e5000 	C:\WINDOWS\System32\RPCRT4.dll
0x00007ffba63c0000 - 0x00007ffba63c8000 	C:\WINDOWS\System32\PSAPI.DLL
0x00007ffb8ebd0000 - 0x00007ffb8ebd9000 	C:\WINDOWS\SYSTEM32\WSOCK32.dll
0x00007ffb8e700000 - 0x00007ffb8e727000 	C:\WINDOWS\SYSTEM32\WINMM.dll
0x00007ffba53f0000 - 0x00007ffba545b000 	C:\WINDOWS\System32\WS2_32.dll
0x00007ffb9bdf0000 - 0x00007ffb9bdfa000 	C:\WINDOWS\SYSTEM32\VERSION.dll
0x00007ffba1e90000 - 0x00007ffba1ea2000 	C:\WINDOWS\SYSTEM32\kernel.appcore.dll
0x00007ffb99e70000 - 0x00007ffb99e81000 	C:\Program Files\Android\Android Studio4\jre\bin\verify.dll
0x00007ffba1590000 - 0x00007ffba1774000 	C:\WINDOWS\SYSTEM32\DBGHELP.DLL
0x00007ffb9b200000 - 0x00007ffb9b22c000 	C:\WINDOWS\SYSTEM32\dbgcore.DLL
0x00007ffba4610000 - 0x00007ffba4692000 	C:\WINDOWS\System32\bcryptPrimitives.dll
0x00007ffb936d0000 - 0x00007ffb936f9000 	C:\Program Files\Android\Android Studio4\jre\bin\java.dll
0x00007ffb9a1f0000 - 0x00007ffb9a1fb000 	C:\Program Files\Android\Android Studio4\jre\bin\jimage.dll
0x00007ffb936b0000 - 0x00007ffb936c8000 	C:\Program Files\Android\Android Studio4\jre\bin\zip.dll

dbghelp: loaded successfully - version: 4.0.5 - missing functions: none
symbol engine: initialized successfully - sym options: 0x614 - pdb path: .;C:\Program Files\Android\Android Studio4\jre\bin;C:\WINDOWS\SYSTEM32;C:\WINDOWS\WinSxS\amd64_microsoft.windows.common-controls_6595b64144ccf1df_6.0.19041.1110_none_60b5254171f9507e;C:\Program Files\Android\Android Studio4\jre\bin\server

VM Arguments:
java_command: org.jetbrains.kotlin.cli.jvm.K2JVMCompiler @C:\Users\leoba\AndroidStudioProjects\TextRecognizer\Workmanager\app\build\20220727_15776237838051912505.compiler.options
java_class_path (initial): C:\Users\leoba\.gradle\caches\modules-2\files-2.1\org.jetbrains.kotlin\kotlin-compiler-embeddable\1.5.30\3362a354066df1578a057c200da23cf2a1d8144f\kotlin-compiler-embeddable-1.5.30.jar;C:\Users\leoba\.gradle\caches\modules-2\files-2.1\org.jetbrains.kotlin\kotlin-reflect\1.5.30\6773e974437dd6432aa646cc2f8ab71de42b5773\kotlin-reflect-1.5.30.jar;C:\Users\leoba\.gradle\caches\modules-2\files-2.1\org.jetbrains.kotlin\kotlin-stdlib\1.5.30\d68efdea04955974ac1020f8f66ef8176bfbce1f\kotlin-stdlib-1.5.30.jar;C:\Users\leoba\.gradle\caches\modules-2\files-2.1\org.jetbrains.kotlin\kotlin-script-runtime\1.5.30\10697ab20bfd2f1b23baa91306950c36c4e89a8d\kotlin-script-runtime-1.5.30.jar;C:\Users\leoba\.gradle\caches\modules-2\files-2.1\org.jetbrains.kotlin\kotlin-daemon-embeddable\1.5.30\e355dc9011e559a475608265607948109e113ae0\kotlin-daemon-embeddable-1.5.30.jar;C:\Users\leoba\.gradle\caches\modules-2\files-2.1\org.jetbrains.intellij.deps\trove4j\1.0.20181211\216c2e14b070f334479d800987affe4054cd563f\trove4j-1.0.20181211.jar;C:\Users\leoba\.gradle\caches\modules-2\files-2.1\org.jetbrains\annotations\13.0\919f0dfe192fb4e063e7dacadee7f8bb9a2672a9\annotations-13.0.jar;C:\Users\leoba\.gradle\caches\modules-2\files-2.1\org.jetbrains.kotlin\kotlin-stdlib-common\1.5.30\649ffab7767038323fec0cc41e2d7b0a8f65a378\kotlin-stdlib-common-1.5.30.jar
Launcher Type: SUN_STANDARD

[Global flags]
     intx CICompilerCount                          = 3                                         {product} {ergonomic}
     uint ConcGCThreads                            = 1                                         {product} {ergonomic}
     uint G1ConcRefinementThreads                  = 4                                         {product} {ergonomic}
   size_t G1HeapRegionSize                         = 1048576                                   {product} {ergonomic}
    uintx GCDrainStackTargetSize                   = 64                                        {product} {ergonomic}
   size_t InitialHeapSize                          = 201326592                                 {product} {ergonomic}
   size_t MarkStackSize                            = 4194304                                   {product} {ergonomic}
   size_t MaxHeapSize                              = 3198156800                                {product} {ergonomic}
   size_t MinHeapDeltaBytes                        = 1048576                                   {product} {ergonomic}
    uintx NonNMethodCodeHeapSize                   = 5830732                                {pd product} {ergonomic}
    uintx NonProfiledCodeHeapSize                  = 122913754                              {pd product} {ergonomic}
    uintx ProfiledCodeHeapSize                     = 122913754                              {pd product} {ergonomic}
    uintx ReservedCodeCacheSize                    = 251658240                              {pd product} {ergonomic}
     bool SegmentedCodeCache                       = true                                      {product} {ergonomic}
     bool UseCompressedClassPointers               = true                                 {lp64_product} {ergonomic}
     bool UseCompressedOops                        = true                                 {lp64_product} {ergonomic}
     bool UseG1GC                                  = true                                      {product} {ergonomic}
     bool UseLargePagesIndividualAllocation        = false                                  {pd product} {ergonomic}

Logging:
Log output configuration:
 #0: stdout all=warning uptime,level,tags
 #1: stderr all=off uptime,level,tags

Environment Variables:
PATH=C:\Program Files (x86)\Intel\Intel(R) Management Engine Components\iCLS\;C:\Program Files\Intel\Intel(R) Management Engine Components\iCLS\;C:\WINDOWS\system32;C:\WINDOWS;C:\WINDOWS\System32\Wbem;C:\WINDOWS\System32\WindowsPowerShell\v1.0\;C:\Program Files (x86)\Intel\Intel(R) Management Engine Components\DAL;C:\Program Files\Intel\Intel(R) Management Engine Components\DAL;C:\Program Files (x86)\Intel\Intel(R) Management Engine Components\IPT;C:\Program Files\Intel\Intel(R) Management Engine Components\IPT;c:\Program Files (x86)\Microsoft SQL Server\100\Tools\Binn\;c:\Program Files\Microsoft SQL Server\100\Tools\Binn\;c:\Program Files\Microsoft SQL Server\100\DTS\Binn\;c:\Program Files (x86)\Microsoft SQL Server\100\Tools\Binn\VSShell\Common7\IDE\;c:\Program Files (x86)\Microsoft SQL Server\100\DTS\Binn\;C:\WINDOWS\system32\config\systemprofile\.dnx\bin;C:\Program Files\Microsoft DNX\Dnvm\;C:\Program Files\Microsoft SQL Server\130\Tools\Binn\;C:\WINDOWS\System32\OpenSSH\;C:\Program Files\Git\cmd;C:\Users\leoba\AppData\Local\Microsoft\WindowsApps;C:\Users\leoba\AppData\Local\GitHubDesktop\bin;%USERPROFILE%\AppData\Local\Microsoft\WindowsApps;
USERNAME=leoba
OS=Windows_NT
PROCESSOR_IDENTIFIER=Intel64 Family 6 Model 142 Stepping 10, GenuineIntel



---------------  S Y S T E M  ---------------

OS: Windows 10 , 64 bit Build 19041 (10.0.19041.1806)
OS uptime: 10 days 5:29 hours

CPU:total 4 (initial active 4) (2 cores per cpu, 2 threads per core) family 6 model 142 stepping 10 microcode 0xb4, cmov, cx8, fxsr, mmx, sse, sse2, sse3, ssse3, sse4.1, sse4.2, popcnt, avx, avx2, aes, clmul, erms, 3dnowpref, lzcnt, ht, tsc, tscinvbit, bmi1, bmi2, adx, fma

Memory: 4k page, system-wide physical 12197M (1250M free)
TotalPageFile size 12197M (AvailPageFile size 11M)
current process WorkingSet (physical memory assigned to process): 10M, peak: 10M
current process commit charge ("private bytes"): 51M, peak: 243M

vm_info: OpenJDK 64-Bit Server VM (11.0.12+7-b1504.28-7817840) for windows-amd64 JRE (11.0.12+7-b1504.28-7817840), built on Oct 13 2021 22:12:33 by "builder" with MS VC++ 14.0 (VS2015)

END.
