#
# There is insufficient memory for the Java Runtime Environment to continue.
# Native memory allocation (malloc) failed to allocate 1861296 bytes for Chunk::new
# Possible reasons:
#   The system is out of physical RAM or swap space
#   The process is running with CompressedOops enabled, and the Java Heap may be blocking the growth of the native heap
# Possible solutions:
#   Reduce memory load on the system
#   Increase physical memory or swap space
#   Check if swap backing store is full
#   Decrease Java heap size (-Xmx/-Xms)
#   Decrease number of Java threads
#   Decrease Java thread stack sizes (-Xss)
#   Set larger code cache with -XX:ReservedCodeCacheSize=
#   JVM is running with Unscaled Compressed Oops mode in which the Java heap is
#     placed in the first 4GB address space. The Java Heap base address is the
#     maximum limit for the native heap growth. Please use -XX:HeapBaseMinAddress
#     to set the Java Heap base and to place the Java Heap above 4GB virtual address.
# This output file may be truncated or incomplete.
#
#  Out of Memory Error (./src/hotspot/share/memory/arena.cpp:197), pid=6132, tid=12128
#
# JRE version: OpenJDK Runtime Environment (11.0.10) (build 11.0.10+0-b96-7249189)
# Java VM: OpenJDK 64-Bit Server VM (11.0.10+0-b96-7249189, mixed mode, tiered, compressed oops, g1 gc, windows-amd64)
# No core dump will be written. Minidumps are not enabled by default on client versions of Windows
#

---------------  S U M M A R Y ------------

Command Line: --add-opens=java.base/java.util=ALL-UNNAMED --add-opens=java.base/java.lang=ALL-UNNAMED --add-opens=java.base/java.lang.invoke=ALL-UNNAMED --add-opens=java.base/java.util=ALL-UNNAMED --add-opens=java.prefs/java.util.prefs=ALL-UNNAMED --add-opens=java.prefs/java.util.prefs=ALL-UNNAMED --add-opens=java.base/java.nio.charset=ALL-UNNAMED --add-opens=java.base/java.net=ALL-UNNAMED --add-opens=java.base/java.util.concurrent.atomic=ALL-UNNAMED -Xmx2048m -Dfile.encoding=UTF-8 -Duser.country=ES -Duser.language=es -Duser.variant org.gradle.launcher.daemon.bootstrap.GradleDaemon 7.0.2

Host: Intel(R) Core(TM) i3-7020U CPU @ 2.30GHz, 4 cores, 11G,  Windows 10 , 64 bit Build 19041 (10.0.19041.1741)
Time: Sun Jun 19 17:54:44 2022 Hora estándar de Argentina elapsed time: 11.192475 seconds (0d 0h 0m 11s)

---------------  T H R E A D  ---------------

Current thread (0x000001c75c7c6000):  JavaThread "C2 CompilerThread1" daemon [_thread_in_native, id=12128, stack(0x000000b21a100000,0x000000b21a200000)]


Current CompileTask:
C2:  11192 3522       4       org.objectweb.asm.Frame::execute (2318 bytes)

Stack: [0x000000b21a100000,0x000000b21a200000]
Native frames: (J=compiled Java code, j=interpreted, Vv=VM code, C=native code)
V  [jvm.dll+0x5ecfaa]
V  [jvm.dll+0x722bd5]
V  [jvm.dll+0x72412d]
V  [jvm.dll+0x7247e3]
V  [jvm.dll+0x242928]
V  [jvm.dll+0xbc4fc]
V  [jvm.dll+0xbca0c]
V  [jvm.dll+0x352d7d]
V  [jvm.dll+0x320ad3]
V  [jvm.dll+0x31ffca]
V  [jvm.dll+0x1fb602]
V  [jvm.dll+0x1fa7f4]
V  [jvm.dll+0x18354c]
V  [jvm.dll+0x208ee7]
V  [jvm.dll+0x207731]
V  [jvm.dll+0x6eb1cf]
V  [jvm.dll+0x6e3d45]
V  [jvm.dll+0x5ebe96]
C  [ucrtbase.dll+0x21bb2]
C  [KERNEL32.DLL+0x17034]
C  [ntdll.dll+0x52651]


---------------  P R O C E S S  ---------------

Threads class SMR info:
_java_thread_list=0x000001c75bc79b60, length=36, elements={
0x000001c73d32b800, 0x000001c759921800, 0x000001c759922800, 0x000001c759975800,
0x000001c759978800, 0x000001c759979800, 0x000001c759980000, 0x000001c759981000,
0x000001c7599d3800, 0x000001c759ac5800, 0x000001c75b607800, 0x000001c75aff7800,
0x000001c75b590800, 0x000001c75c045800, 0x000001c75cd4a000, 0x000001c75cab4000,
0x000001c75bf93000, 0x000001c75ba35000, 0x000001c75cabf000, 0x000001c75c821000,
0x000001c75c823800, 0x000001c75c821800, 0x000001c75c7c6000, 0x000001c75c824000,
0x000001c75c825000, 0x000001c75c822800, 0x000001c75c81f000, 0x000001c75c826000,
0x000001c75c820000, 0x000001c759eaf000, 0x000001c759eac000, 0x000001c759ead800,
0x000001c759eb1000, 0x000001c759eb1800, 0x000001c759eae800, 0x000001c759eb0000
}

Java Threads: ( => current thread )
  0x000001c73d32b800 JavaThread "main" [_thread_blocked, id=11664, stack(0x000000b218100000,0x000000b218200000)]
  0x000001c759921800 JavaThread "Reference Handler" daemon [_thread_blocked, id=2912, stack(0x000000b218800000,0x000000b218900000)]
  0x000001c759922800 JavaThread "Finalizer" daemon [_thread_blocked, id=2608, stack(0x000000b218900000,0x000000b218a00000)]
  0x000001c759975800 JavaThread "Signal Dispatcher" daemon [_thread_blocked, id=8816, stack(0x000000b218a00000,0x000000b218b00000)]
  0x000001c759978800 JavaThread "Attach Listener" daemon [_thread_blocked, id=14700, stack(0x000000b218b00000,0x000000b218c00000)]
  0x000001c759979800 JavaThread "Service Thread" daemon [_thread_blocked, id=1212, stack(0x000000b218c00000,0x000000b218d00000)]
  0x000001c759980000 JavaThread "C2 CompilerThread0" daemon [_thread_in_native, id=3340, stack(0x000000b218d00000,0x000000b218e00000)]
  0x000001c759981000 JavaThread "C1 CompilerThread0" daemon [_thread_blocked, id=496, stack(0x000000b218e00000,0x000000b218f00000)]
  0x000001c7599d3800 JavaThread "Sweeper thread" daemon [_thread_blocked, id=15316, stack(0x000000b218f00000,0x000000b219000000)]
  0x000001c759ac5800 JavaThread "Common-Cleaner" daemon [_thread_blocked, id=840, stack(0x000000b219000000,0x000000b219100000)]
  0x000001c75b607800 JavaThread "Daemon health stats" [_thread_blocked, id=10552, stack(0x000000b219600000,0x000000b219700000)]
  0x000001c75aff7800 JavaThread "Incoming local TCP Connector on port 51365" [_thread_in_native, id=10332, stack(0x000000b219500000,0x000000b219600000)]
  0x000001c75b590800 JavaThread "Daemon periodic checks" [_thread_blocked, id=15012, stack(0x000000b219700000,0x000000b219800000)]
  0x000001c75c045800 JavaThread "Daemon" [_thread_blocked, id=10860, stack(0x000000b219800000,0x000000b219900000)]
  0x000001c75cd4a000 JavaThread "Handler for socket connection from /127.0.0.1:51365 to /127.0.0.1:51366" [_thread_in_native, id=14160, stack(0x000000b219900000,0x000000b219a00000)]
  0x000001c75cab4000 JavaThread "Cancel handler" [_thread_blocked, id=11324, stack(0x000000b219a00000,0x000000b219b00000)]
  0x000001c75bf93000 JavaThread "Daemon worker" [_thread_in_vm, id=12552, stack(0x000000b219b00000,0x000000b219c00000)]
  0x000001c75ba35000 JavaThread "Asynchronous log dispatcher for DefaultDaemonConnection: socket connection from /127.0.0.1:51365 to /127.0.0.1:51366" [_thread_blocked, id=5008, stack(0x000000b219c00000,0x000000b219d00000)]
  0x000001c75cabf000 JavaThread "Stdin handler" [_thread_blocked, id=11632, stack(0x000000b219d00000,0x000000b219e00000)]
  0x000001c75c821000 JavaThread "Daemon client event forwarder" [_thread_blocked, id=8772, stack(0x000000b219e00000,0x000000b219f00000)]
  0x000001c75c823800 JavaThread "Cache worker for file hash cache (C:\Users\leoba\.gradle\caches\7.0.2\fileHashes)" [_thread_blocked, id=14084, stack(0x000000b219f00000,0x000000b21a000000)]
  0x000001c75c821800 JavaThread "File lock request listener" [_thread_in_native, id=6116, stack(0x000000b21a000000,0x000000b21a100000)]
=>0x000001c75c7c6000 JavaThread "C2 CompilerThread1" daemon [_thread_in_native, id=12128, stack(0x000000b21a100000,0x000000b21a200000)]
  0x000001c75c824000 JavaThread "Cache worker for journal cache (C:\Users\leoba\.gradle\caches\journal-1)" [_thread_blocked, id=7124, stack(0x000000b21a200000,0x000000b21a300000)]
  0x000001c75c825000 JavaThread "Cache worker for file hash cache (C:\Users\leoba\AndroidStudioProjects\TextRecognizer\Workmanager\.gradle\7.0.2\fileHashes)" [_thread_blocked, id=4972, stack(0x000000b21a300000,0x000000b21a400000)]
  0x000001c75c822800 JavaThread "File watcher server" daemon [_thread_in_native, id=2336, stack(0x000000b21a400000,0x000000b21a500000)]
  0x000001c75c81f000 JavaThread "File watcher consumer" daemon [_thread_blocked, id=14216, stack(0x000000b21a500000,0x000000b21a600000)]
  0x000001c75c826000 JavaThread "jar transforms" [_thread_blocked, id=5420, stack(0x000000b21a600000,0x000000b21a700000)]
  0x000001c75c820000 JavaThread "jar transforms Thread 2" [_thread_blocked, id=15076, stack(0x000000b21a700000,0x000000b21a800000)]
  0x000001c759eaf000 JavaThread "jar transforms Thread 3" [_thread_blocked, id=10484, stack(0x000000b21a800000,0x000000b21a900000)]
  0x000001c759eac000 JavaThread "jar transforms Thread 4" [_thread_blocked, id=14640, stack(0x000000b21a900000,0x000000b21aa00000)]
  0x000001c759ead800 JavaThread "Cache worker for checksums cache (C:\Users\leoba\AndroidStudioProjects\TextRecognizer\Workmanager\.gradle\checksums)" [_thread_blocked, id=2668, stack(0x000000b21aa00000,0x000000b21ab00000)]
  0x000001c759eb1000 JavaThread "Cache worker for cache directory md-supplier (C:\Users\leoba\.gradle\caches\7.0.2\md-supplier)" [_thread_blocked, id=11072, stack(0x000000b21ab00000,0x000000b21ac00000)]
  0x000001c759eb1800 JavaThread "Cache worker for cache directory md-rule (C:\Users\leoba\.gradle\caches\7.0.2\md-rule)" [_thread_blocked, id=11692, stack(0x000000b21ac00000,0x000000b21ad00000)]
  0x000001c759eae800 JavaThread "Cache worker for execution history cache (C:\Users\leoba\.gradle\caches\7.0.2\executionHistory)" [_thread_blocked, id=2344, stack(0x000000b21ad00000,0x000000b21ae00000)]
  0x000001c759eb0000 JavaThread "Cache worker for file content cache (C:\Users\leoba\.gradle\caches\7.0.2\fileContent)" [_thread_blocked, id=11900, stack(0x000000b21ae00000,0x000000b21af00000)]

Other Threads:
  0x000001c7590ff000 VMThread "VM Thread" [stack: 0x000000b218700000,0x000000b218800000] [id=10568]
  0x000001c759afb000 WatcherThread [stack: 0x000000b219100000,0x000000b219200000] [id=12556]
  0x000001c73f513800 GCTaskThread "GC Thread#0" [stack: 0x000000b218200000,0x000000b218300000] [id=12984]
  0x000001c75a00e800 GCTaskThread "GC Thread#1" [stack: 0x000000b219200000,0x000000b219300000] [id=15356]
  0x000001c75a1e6800 GCTaskThread "GC Thread#2" [stack: 0x000000b219300000,0x000000b219400000] [id=1280]
  0x000001c75a1e7000 GCTaskThread "GC Thread#3" [stack: 0x000000b219400000,0x000000b219500000] [id=10620]
  0x000001c73f545000 ConcurrentGCThread "G1 Main Marker" [stack: 0x000000b218300000,0x000000b218400000] [id=11560]
  0x000001c73f546800 ConcurrentGCThread "G1 Conc#0" [stack: 0x000000b218400000,0x000000b218500000] [id=6520]
  0x000001c73f5de000 ConcurrentGCThread "G1 Refine#0" [stack: 0x000000b218500000,0x000000b218600000] [id=11028]
  0x000001c73f5de800 ConcurrentGCThread "G1 Young RemSet Sampling" [stack: 0x000000b218600000,0x000000b218700000] [id=11540]

Threads with active compile tasks:
C2 CompilerThread0  11242 3573       4       java.util.jar.JarFile::getManifest (5 bytes)
C2 CompilerThread1  11242 3522       4       org.objectweb.asm.Frame::execute (2318 bytes)

VM state:not at safepoint (normal execution)

VM Mutex/Monitor currently owned by a thread: None

Heap address: 0x0000000080000000, size: 2048 MB, Compressed Oops mode: 32-bit
Narrow klass base: 0x0000000000000000, Narrow klass shift: 3
Compressed class space size: 1073741824 Address: 0x0000000100000000

Heap:
 garbage-first heap   total 196608K, used 99003K [0x0000000080000000, 0x0000000100000000)
  region size 1024K, 70 young (71680K), 9 survivors (9216K)
 Metaspace       used 40508K, capacity 41557K, committed 41728K, reserved 1085440K
  class space    used 5206K, capacity 5608K, committed 5632K, reserved 1048576K
Heap Regions: E=young(eden), S=young(survivor), O=old, HS=humongous(starts), HC=humongous(continues), CS=collection set, F=free, A=archive, TAMS=top-at-mark-start (previous, next)
|   0|0x0000000080000000, 0x0000000080100000, 0x0000000080100000|100%| O|  |TAMS 0x0000000080100000, 0x0000000080000000| Untracked 
|   1|0x0000000080100000, 0x0000000080200000, 0x0000000080200000|100%| O|  |TAMS 0x0000000080200000, 0x0000000080100000| Untracked 
|   2|0x0000000080200000, 0x0000000080300000, 0x0000000080300000|100%| O|  |TAMS 0x0000000080300000, 0x0000000080200000| Untracked 
|   3|0x0000000080300000, 0x0000000080400000, 0x0000000080400000|100%|HS|  |TAMS 0x0000000080400000, 0x0000000080300000| Complete 
|   4|0x0000000080400000, 0x0000000080500000, 0x0000000080500000|100%|HC|  |TAMS 0x0000000080500000, 0x0000000080400000| Complete 
|   5|0x0000000080500000, 0x0000000080600000, 0x0000000080600000|100%|HC|  |TAMS 0x0000000080600000, 0x0000000080500000| Complete 
|   6|0x0000000080600000, 0x0000000080700000, 0x0000000080700000|100%| O|  |TAMS 0x0000000080700000, 0x0000000080600000| Untracked 
|   7|0x0000000080700000, 0x0000000080800000, 0x0000000080800000|100%| O|  |TAMS 0x0000000080800000, 0x0000000080700000| Untracked 
|   8|0x0000000080800000, 0x0000000080900000, 0x0000000080900000|100%| O|  |TAMS 0x0000000080900000, 0x0000000080800000| Untracked 
|   9|0x0000000080900000, 0x0000000080a00000, 0x0000000080a00000|100%| O|  |TAMS 0x0000000080a00000, 0x0000000080900000| Untracked 
|  10|0x0000000080a00000, 0x0000000080b00000, 0x0000000080b00000|100%| O|  |TAMS 0x0000000080b00000, 0x0000000080a00000| Untracked 
|  11|0x0000000080b00000, 0x0000000080c00000, 0x0000000080c00000|100%| O|  |TAMS 0x0000000080c00000, 0x0000000080b00000| Untracked 
|  12|0x0000000080c00000, 0x0000000080d00000, 0x0000000080d00000|100%| O|  |TAMS 0x0000000080d00000, 0x0000000080c00000| Untracked 
|  13|0x0000000080d00000, 0x0000000080e00000, 0x0000000080e00000|100%| O|  |TAMS 0x0000000080e00000, 0x0000000080d00000| Untracked 
|  14|0x0000000080e00000, 0x0000000080f00000, 0x0000000080f00000|100%| O|  |TAMS 0x0000000080f00000, 0x0000000080e00000| Untracked 
|  15|0x0000000080f00000, 0x0000000081000000, 0x0000000081000000|100%| O|  |TAMS 0x0000000081000000, 0x0000000080f00000| Untracked 
|  16|0x0000000081000000, 0x000000008103fa00, 0x0000000081100000| 24%| O|  |TAMS 0x000000008103fa00, 0x0000000081000000| Untracked 
|  17|0x0000000081100000, 0x0000000081200000, 0x0000000081200000|100%|HS|  |TAMS 0x0000000081200000, 0x0000000081100000| Complete 
|  18|0x0000000081200000, 0x0000000081300000, 0x0000000081300000|100%|HC|  |TAMS 0x0000000081300000, 0x0000000081200000| Complete 
|  19|0x0000000081300000, 0x0000000081400000, 0x0000000081400000|100%|HS|  |TAMS 0x0000000081400000, 0x0000000081300000| Complete 
|  20|0x0000000081400000, 0x0000000081500000, 0x0000000081500000|100%|HC|  |TAMS 0x0000000081500000, 0x0000000081400000| Complete 
|  21|0x0000000081500000, 0x0000000081600000, 0x0000000081600000|100%|HC|  |TAMS 0x0000000081600000, 0x0000000081500000| Complete 
|  22|0x0000000081600000, 0x0000000081700000, 0x0000000081700000|100%|HS|  |TAMS 0x0000000081700000, 0x0000000081600000| Complete 
|  23|0x0000000081700000, 0x0000000081800000, 0x0000000081800000|100%|HC|  |TAMS 0x0000000081800000, 0x0000000081700000| Complete 
|  24|0x0000000081800000, 0x0000000081900000, 0x0000000081900000|100%|HC|  |TAMS 0x0000000081900000, 0x0000000081800000| Complete 
|  25|0x0000000081900000, 0x0000000081a00000, 0x0000000081a00000|100%|HC|  |TAMS 0x0000000081a00000, 0x0000000081900000| Complete 
|  26|0x0000000081a00000, 0x0000000081b00000, 0x0000000081b00000|100%|HC|  |TAMS 0x0000000081b00000, 0x0000000081a00000| Complete 
|  27|0x0000000081b00000, 0x0000000081c00000, 0x0000000081c00000|100%|HS|  |TAMS 0x0000000081b00000, 0x0000000081b00000| Complete 
|  28|0x0000000081c00000, 0x0000000081d00000, 0x0000000081d00000|100%|HS|  |TAMS 0x0000000081c00000, 0x0000000081c00000| Complete 
|  29|0x0000000081d00000, 0x0000000081e00000, 0x0000000081e00000|100%|HC|  |TAMS 0x0000000081d00000, 0x0000000081d00000| Complete 
|  30|0x0000000081e00000, 0x0000000081e00000, 0x0000000081f00000|  0%| F|  |TAMS 0x0000000081e00000, 0x0000000081e00000| Untracked 
|  31|0x0000000081f00000, 0x0000000081f00000, 0x0000000082000000|  0%| F|  |TAMS 0x0000000081f00000, 0x0000000081f00000| Untracked 
|  32|0x0000000082000000, 0x0000000082000000, 0x0000000082100000|  0%| F|  |TAMS 0x0000000082000000, 0x0000000082000000| Untracked 
|  33|0x0000000082100000, 0x0000000082100000, 0x0000000082200000|  0%| F|  |TAMS 0x0000000082100000, 0x0000000082100000| Untracked 
|  34|0x0000000082200000, 0x0000000082200000, 0x0000000082300000|  0%| F|  |TAMS 0x0000000082200000, 0x0000000082200000| Untracked 
|  35|0x0000000082300000, 0x0000000082300000, 0x0000000082400000|  0%| F|  |TAMS 0x0000000082300000, 0x0000000082300000| Untracked 
|  36|0x0000000082400000, 0x0000000082400000, 0x0000000082500000|  0%| F|  |TAMS 0x0000000082400000, 0x0000000082400000| Untracked 
|  37|0x0000000082500000, 0x0000000082500000, 0x0000000082600000|  0%| F|  |TAMS 0x0000000082500000, 0x0000000082500000| Untracked 
|  38|0x0000000082600000, 0x0000000082600000, 0x0000000082700000|  0%| F|  |TAMS 0x0000000082600000, 0x0000000082600000| Untracked 
|  39|0x0000000082700000, 0x0000000082700000, 0x0000000082800000|  0%| F|  |TAMS 0x0000000082700000, 0x0000000082700000| Untracked 
|  40|0x0000000082800000, 0x0000000082800000, 0x0000000082900000|  0%| F|  |TAMS 0x0000000082800000, 0x0000000082800000| Untracked 
|  41|0x0000000082900000, 0x0000000082900000, 0x0000000082a00000|  0%| F|  |TAMS 0x0000000082900000, 0x0000000082900000| Untracked 
|  42|0x0000000082a00000, 0x0000000082a00000, 0x0000000082b00000|  0%| F|  |TAMS 0x0000000082a00000, 0x0000000082a00000| Untracked 
|  43|0x0000000082b00000, 0x0000000082b00000, 0x0000000082c00000|  0%| F|  |TAMS 0x0000000082b00000, 0x0000000082b00000| Untracked 
|  44|0x0000000082c00000, 0x0000000082c00000, 0x0000000082d00000|  0%| F|  |TAMS 0x0000000082c00000, 0x0000000082c00000| Untracked 
|  45|0x0000000082d00000, 0x0000000082d00000, 0x0000000082e00000|  0%| F|  |TAMS 0x0000000082d00000, 0x0000000082d00000| Untracked 
|  46|0x0000000082e00000, 0x0000000082e00000, 0x0000000082f00000|  0%| F|  |TAMS 0x0000000082e00000, 0x0000000082e00000| Untracked 
|  47|0x0000000082f00000, 0x0000000082f00000, 0x0000000083000000|  0%| F|  |TAMS 0x0000000082f00000, 0x0000000082f00000| Untracked 
|  48|0x0000000083000000, 0x0000000083000000, 0x0000000083100000|  0%| F|  |TAMS 0x0000000083000000, 0x0000000083000000| Untracked 
|  49|0x0000000083100000, 0x0000000083100000, 0x0000000083200000|  0%| F|  |TAMS 0x0000000083100000, 0x0000000083100000| Untracked 
|  50|0x0000000083200000, 0x0000000083200000, 0x0000000083300000|  0%| F|  |TAMS 0x0000000083200000, 0x0000000083200000| Untracked 
|  51|0x0000000083300000, 0x0000000083300000, 0x0000000083400000|  0%| F|  |TAMS 0x0000000083300000, 0x0000000083300000| Untracked 
|  52|0x0000000083400000, 0x0000000083400000, 0x0000000083500000|  0%| F|  |TAMS 0x0000000083400000, 0x0000000083400000| Untracked 
|  53|0x0000000083500000, 0x0000000083500000, 0x0000000083600000|  0%| F|  |TAMS 0x0000000083500000, 0x0000000083500000| Untracked 
|  54|0x0000000083600000, 0x0000000083600000, 0x0000000083700000|  0%| F|  |TAMS 0x0000000083600000, 0x0000000083600000| Untracked 
|  55|0x0000000083700000, 0x0000000083700000, 0x0000000083800000|  0%| F|  |TAMS 0x0000000083700000, 0x0000000083700000| Untracked 
|  56|0x0000000083800000, 0x0000000083800000, 0x0000000083900000|  0%| F|  |TAMS 0x0000000083800000, 0x0000000083800000| Untracked 
|  57|0x0000000083900000, 0x0000000083900000, 0x0000000083a00000|  0%| F|  |TAMS 0x0000000083900000, 0x0000000083900000| Untracked 
|  58|0x0000000083a00000, 0x0000000083a00000, 0x0000000083b00000|  0%| F|  |TAMS 0x0000000083a00000, 0x0000000083a00000| Untracked 
|  59|0x0000000083b00000, 0x0000000083b00000, 0x0000000083c00000|  0%| F|  |TAMS 0x0000000083b00000, 0x0000000083b00000| Untracked 
|  60|0x0000000083c00000, 0x0000000083c00000, 0x0000000083d00000|  0%| F|  |TAMS 0x0000000083c00000, 0x0000000083c00000| Untracked 
|  61|0x0000000083d00000, 0x0000000083d00000, 0x0000000083e00000|  0%| F|  |TAMS 0x0000000083d00000, 0x0000000083d00000| Untracked 
|  62|0x0000000083e00000, 0x0000000083e00000, 0x0000000083f00000|  0%| F|  |TAMS 0x0000000083e00000, 0x0000000083e00000| Untracked 
|  63|0x0000000083f00000, 0x0000000083f00000, 0x0000000084000000|  0%| F|  |TAMS 0x0000000083f00000, 0x0000000083f00000| Untracked 
|  64|0x0000000084000000, 0x0000000084000000, 0x0000000084100000|  0%| F|  |TAMS 0x0000000084000000, 0x0000000084000000| Untracked 
|  65|0x0000000084100000, 0x0000000084100000, 0x0000000084200000|  0%| F|  |TAMS 0x0000000084100000, 0x0000000084100000| Untracked 
|  66|0x0000000084200000, 0x0000000084200000, 0x0000000084300000|  0%| F|  |TAMS 0x0000000084200000, 0x0000000084200000| Untracked 
|  67|0x0000000084300000, 0x0000000084300000, 0x0000000084400000|  0%| F|  |TAMS 0x0000000084300000, 0x0000000084300000| Untracked 
|  68|0x0000000084400000, 0x0000000084400000, 0x0000000084500000|  0%| F|  |TAMS 0x0000000084400000, 0x0000000084400000| Untracked 
|  69|0x0000000084500000, 0x0000000084500000, 0x0000000084600000|  0%| F|  |TAMS 0x0000000084500000, 0x0000000084500000| Untracked 
|  70|0x0000000084600000, 0x0000000084600000, 0x0000000084700000|  0%| F|  |TAMS 0x0000000084600000, 0x0000000084600000| Untracked 
|  71|0x0000000084700000, 0x0000000084700000, 0x0000000084800000|  0%| F|  |TAMS 0x0000000084700000, 0x0000000084700000| Untracked 
|  72|0x0000000084800000, 0x0000000084800000, 0x0000000084900000|  0%| F|  |TAMS 0x0000000084800000, 0x0000000084800000| Untracked 
|  73|0x0000000084900000, 0x0000000084900000, 0x0000000084a00000|  0%| F|  |TAMS 0x0000000084900000, 0x0000000084900000| Untracked 
|  74|0x0000000084a00000, 0x0000000084a00000, 0x0000000084b00000|  0%| F|  |TAMS 0x0000000084a00000, 0x0000000084a00000| Untracked 
|  75|0x0000000084b00000, 0x0000000084b00000, 0x0000000084c00000|  0%| F|  |TAMS 0x0000000084b00000, 0x0000000084b00000| Untracked 
|  76|0x0000000084c00000, 0x0000000084c00000, 0x0000000084d00000|  0%| F|  |TAMS 0x0000000084c00000, 0x0000000084c00000| Untracked 
|  77|0x0000000084d00000, 0x0000000084d00000, 0x0000000084e00000|  0%| F|  |TAMS 0x0000000084d00000, 0x0000000084d00000| Untracked 
|  78|0x0000000084e00000, 0x0000000084e00000, 0x0000000084f00000|  0%| F|  |TAMS 0x0000000084e00000, 0x0000000084e00000| Untracked 
|  79|0x0000000084f00000, 0x0000000084f00000, 0x0000000085000000|  0%| F|  |TAMS 0x0000000084f00000, 0x0000000084f00000| Untracked 
|  80|0x0000000085000000, 0x0000000085000000, 0x0000000085100000|  0%| F|  |TAMS 0x0000000085000000, 0x0000000085000000| Untracked 
|  81|0x0000000085100000, 0x0000000085100000, 0x0000000085200000|  0%| F|  |TAMS 0x0000000085100000, 0x0000000085100000| Untracked 
|  82|0x0000000085200000, 0x0000000085200000, 0x0000000085300000|  0%| F|  |TAMS 0x0000000085200000, 0x0000000085200000| Untracked 
|  83|0x0000000085300000, 0x0000000085300000, 0x0000000085400000|  0%| F|  |TAMS 0x0000000085300000, 0x0000000085300000| Untracked 
|  84|0x0000000085400000, 0x0000000085400000, 0x0000000085500000|  0%| F|  |TAMS 0x0000000085400000, 0x0000000085400000| Untracked 
|  85|0x0000000085500000, 0x0000000085500000, 0x0000000085600000|  0%| F|  |TAMS 0x0000000085500000, 0x0000000085500000| Untracked 
|  86|0x0000000085600000, 0x0000000085600000, 0x0000000085700000|  0%| F|  |TAMS 0x0000000085600000, 0x0000000085600000| Untracked 
|  87|0x0000000085700000, 0x0000000085700000, 0x0000000085800000|  0%| F|  |TAMS 0x0000000085700000, 0x0000000085700000| Untracked 
|  88|0x0000000085800000, 0x0000000085800000, 0x0000000085900000|  0%| F|  |TAMS 0x0000000085800000, 0x0000000085800000| Untracked 
|  89|0x0000000085900000, 0x0000000085900000, 0x0000000085a00000|  0%| F|  |TAMS 0x0000000085900000, 0x0000000085900000| Untracked 
|  90|0x0000000085a00000, 0x0000000085a00000, 0x0000000085b00000|  0%| F|  |TAMS 0x0000000085a00000, 0x0000000085a00000| Untracked 
|  91|0x0000000085b00000, 0x0000000085b00000, 0x0000000085c00000|  0%| F|  |TAMS 0x0000000085b00000, 0x0000000085b00000| Untracked 
|  92|0x0000000085c00000, 0x0000000085c00000, 0x0000000085d00000|  0%| F|  |TAMS 0x0000000085c00000, 0x0000000085c00000| Untracked 
|  93|0x0000000085d00000, 0x0000000085d00000, 0x0000000085e00000|  0%| F|  |TAMS 0x0000000085d00000, 0x0000000085d00000| Untracked 
|  94|0x0000000085e00000, 0x0000000085e00000, 0x0000000085f00000|  0%| F|  |TAMS 0x0000000085e00000, 0x0000000085e00000| Untracked 
|  95|0x0000000085f00000, 0x0000000085f00000, 0x0000000086000000|  0%| F|  |TAMS 0x0000000085f00000, 0x0000000085f00000| Untracked 
|  96|0x0000000086000000, 0x0000000086000000, 0x0000000086100000|  0%| F|  |TAMS 0x0000000086000000, 0x0000000086000000| Untracked 
|  97|0x0000000086100000, 0x0000000086100000, 0x0000000086200000|  0%| F|  |TAMS 0x0000000086100000, 0x0000000086100000| Untracked 
|  98|0x0000000086200000, 0x0000000086200000, 0x0000000086300000|  0%| F|  |TAMS 0x0000000086200000, 0x0000000086200000| Untracked 
|  99|0x0000000086300000, 0x0000000086300000, 0x0000000086400000|  0%| F|  |TAMS 0x0000000086300000, 0x0000000086300000| Untracked 
| 100|0x0000000086400000, 0x0000000086400000, 0x0000000086500000|  0%| F|  |TAMS 0x0000000086400000, 0x0000000086400000| Untracked 
| 101|0x0000000086500000, 0x0000000086500000, 0x0000000086600000|  0%| F|  |TAMS 0x0000000086500000, 0x0000000086500000| Untracked 
| 102|0x0000000086600000, 0x0000000086600000, 0x0000000086700000|  0%| F|  |TAMS 0x0000000086600000, 0x0000000086600000| Untracked 
| 103|0x0000000086700000, 0x0000000086700000, 0x0000000086800000|  0%| F|  |TAMS 0x0000000086700000, 0x0000000086700000| Untracked 
| 104|0x0000000086800000, 0x0000000086800000, 0x0000000086900000|  0%| F|  |TAMS 0x0000000086800000, 0x0000000086800000| Untracked 
| 105|0x0000000086900000, 0x0000000086900000, 0x0000000086a00000|  0%| F|  |TAMS 0x0000000086900000, 0x0000000086900000| Untracked 
| 106|0x0000000086a00000, 0x0000000086a00000, 0x0000000086b00000|  0%| F|  |TAMS 0x0000000086a00000, 0x0000000086a00000| Untracked 
| 107|0x0000000086b00000, 0x0000000086b00000, 0x0000000086c00000|  0%| F|  |TAMS 0x0000000086b00000, 0x0000000086b00000| Untracked 
| 108|0x0000000086c00000, 0x0000000086c00000, 0x0000000086d00000|  0%| F|  |TAMS 0x0000000086c00000, 0x0000000086c00000| Untracked 
| 109|0x0000000086d00000, 0x0000000086d00000, 0x0000000086e00000|  0%| F|  |TAMS 0x0000000086d00000, 0x0000000086d00000| Untracked 
| 110|0x0000000086e00000, 0x0000000086e00000, 0x0000000086f00000|  0%| F|  |TAMS 0x0000000086e00000, 0x0000000086e00000| Untracked 
| 111|0x0000000086f00000, 0x0000000086f00000, 0x0000000087000000|  0%| F|  |TAMS 0x0000000086f00000, 0x0000000086f00000| Untracked 
| 112|0x0000000087000000, 0x0000000087000000, 0x0000000087100000|  0%| F|  |TAMS 0x0000000087000000, 0x0000000087000000| Untracked 
| 113|0x0000000087100000, 0x0000000087100000, 0x0000000087200000|  0%| F|  |TAMS 0x0000000087100000, 0x0000000087100000| Untracked 
| 114|0x0000000087200000, 0x0000000087200000, 0x0000000087300000|  0%| F|  |TAMS 0x0000000087200000, 0x0000000087200000| Untracked 
| 115|0x0000000087300000, 0x0000000087300000, 0x0000000087400000|  0%| F|  |TAMS 0x0000000087300000, 0x0000000087300000| Untracked 
| 116|0x0000000087400000, 0x0000000087400000, 0x0000000087500000|  0%| F|  |TAMS 0x0000000087400000, 0x0000000087400000| Untracked 
| 117|0x0000000087500000, 0x000000008756f460, 0x0000000087600000| 43%| S|CS|TAMS 0x0000000087500000, 0x0000000087500000| Complete 
| 118|0x0000000087600000, 0x0000000087700000, 0x0000000087700000|100%| S|CS|TAMS 0x0000000087600000, 0x0000000087600000| Complete 
| 119|0x0000000087700000, 0x0000000087800000, 0x0000000087800000|100%| S|CS|TAMS 0x0000000087700000, 0x0000000087700000| Complete 
| 120|0x0000000087800000, 0x0000000087900000, 0x0000000087900000|100%| S|CS|TAMS 0x0000000087800000, 0x0000000087800000| Complete 
| 121|0x0000000087900000, 0x0000000087a00000, 0x0000000087a00000|100%| S|CS|TAMS 0x0000000087900000, 0x0000000087900000| Complete 
| 122|0x0000000087a00000, 0x0000000087b00000, 0x0000000087b00000|100%| S|CS|TAMS 0x0000000087a00000, 0x0000000087a00000| Complete 
| 123|0x0000000087b00000, 0x0000000087c00000, 0x0000000087c00000|100%| S|CS|TAMS 0x0000000087b00000, 0x0000000087b00000| Complete 
| 124|0x0000000087c00000, 0x0000000087d00000, 0x0000000087d00000|100%| S|CS|TAMS 0x0000000087c00000, 0x0000000087c00000| Complete 
| 125|0x0000000087d00000, 0x0000000087e00000, 0x0000000087e00000|100%| S|CS|TAMS 0x0000000087d00000, 0x0000000087d00000| Complete 
| 126|0x0000000087e00000, 0x0000000087e00000, 0x0000000087f00000|  0%| F|  |TAMS 0x0000000087e00000, 0x0000000087e00000| Untracked 
| 127|0x0000000087f00000, 0x0000000087f00000, 0x0000000088000000|  0%| F|  |TAMS 0x0000000087f00000, 0x0000000087f00000| Untracked 
| 128|0x0000000088000000, 0x0000000088000000, 0x0000000088100000|  0%| F|  |TAMS 0x0000000088000000, 0x0000000088000000| Untracked 
| 129|0x0000000088100000, 0x0000000088100000, 0x0000000088200000|  0%| F|  |TAMS 0x0000000088100000, 0x0000000088100000| Untracked 
| 130|0x0000000088200000, 0x0000000088200000, 0x0000000088300000|  0%| F|  |TAMS 0x0000000088200000, 0x0000000088200000| Untracked 
| 131|0x0000000088300000, 0x0000000088380800, 0x0000000088400000| 50%| E|  |TAMS 0x0000000088300000, 0x0000000088300000| Complete 
| 132|0x0000000088400000, 0x0000000088500000, 0x0000000088500000|100%| E|CS|TAMS 0x0000000088400000, 0x0000000088400000| Complete 
| 133|0x0000000088500000, 0x0000000088600000, 0x0000000088600000|100%| E|CS|TAMS 0x0000000088500000, 0x0000000088500000| Complete 
| 134|0x0000000088600000, 0x0000000088700000, 0x0000000088700000|100%| E|CS|TAMS 0x0000000088600000, 0x0000000088600000| Complete 
| 135|0x0000000088700000, 0x0000000088800000, 0x0000000088800000|100%| E|CS|TAMS 0x0000000088700000, 0x0000000088700000| Complete 
| 136|0x0000000088800000, 0x0000000088900000, 0x0000000088900000|100%| E|CS|TAMS 0x0000000088800000, 0x0000000088800000| Complete 
| 137|0x0000000088900000, 0x0000000088a00000, 0x0000000088a00000|100%| E|CS|TAMS 0x0000000088900000, 0x0000000088900000| Complete 
| 138|0x0000000088a00000, 0x0000000088b00000, 0x0000000088b00000|100%| E|CS|TAMS 0x0000000088a00000, 0x0000000088a00000| Complete 
| 139|0x0000000088b00000, 0x0000000088c00000, 0x0000000088c00000|100%| E|CS|TAMS 0x0000000088b00000, 0x0000000088b00000| Complete 
| 140|0x0000000088c00000, 0x0000000088d00000, 0x0000000088d00000|100%| E|CS|TAMS 0x0000000088c00000, 0x0000000088c00000| Complete 
| 141|0x0000000088d00000, 0x0000000088e00000, 0x0000000088e00000|100%| E|CS|TAMS 0x0000000088d00000, 0x0000000088d00000| Complete 
| 142|0x0000000088e00000, 0x0000000088f00000, 0x0000000088f00000|100%| E|CS|TAMS 0x0000000088e00000, 0x0000000088e00000| Complete 
| 143|0x0000000088f00000, 0x0000000089000000, 0x0000000089000000|100%| E|CS|TAMS 0x0000000088f00000, 0x0000000088f00000| Complete 
| 144|0x0000000089000000, 0x0000000089100000, 0x0000000089100000|100%| E|CS|TAMS 0x0000000089000000, 0x0000000089000000| Complete 
| 145|0x0000000089100000, 0x0000000089200000, 0x0000000089200000|100%| E|CS|TAMS 0x0000000089100000, 0x0000000089100000| Complete 
| 146|0x0000000089200000, 0x0000000089300000, 0x0000000089300000|100%| E|CS|TAMS 0x0000000089200000, 0x0000000089200000| Complete 
| 147|0x0000000089300000, 0x0000000089400000, 0x0000000089400000|100%| E|CS|TAMS 0x0000000089300000, 0x0000000089300000| Complete 
| 148|0x0000000089400000, 0x0000000089500000, 0x0000000089500000|100%| E|CS|TAMS 0x0000000089400000, 0x0000000089400000| Complete 
| 149|0x0000000089500000, 0x0000000089600000, 0x0000000089600000|100%| E|CS|TAMS 0x0000000089500000, 0x0000000089500000| Complete 
| 150|0x0000000089600000, 0x0000000089700000, 0x0000000089700000|100%| E|CS|TAMS 0x0000000089600000, 0x0000000089600000| Complete 
| 151|0x0000000089700000, 0x0000000089800000, 0x0000000089800000|100%| E|CS|TAMS 0x0000000089700000, 0x0000000089700000| Complete 
| 152|0x0000000089800000, 0x0000000089900000, 0x0000000089900000|100%| E|CS|TAMS 0x0000000089800000, 0x0000000089800000| Complete 
| 153|0x0000000089900000, 0x0000000089a00000, 0x0000000089a00000|100%| E|CS|TAMS 0x0000000089900000, 0x0000000089900000| Complete 
| 154|0x0000000089a00000, 0x0000000089b00000, 0x0000000089b00000|100%| E|CS|TAMS 0x0000000089a00000, 0x0000000089a00000| Complete 
| 155|0x0000000089b00000, 0x0000000089c00000, 0x0000000089c00000|100%| E|CS|TAMS 0x0000000089b00000, 0x0000000089b00000| Complete 
| 156|0x0000000089c00000, 0x0000000089d00000, 0x0000000089d00000|100%| E|  |TAMS 0x0000000089c00000, 0x0000000089c00000| Complete 
| 157|0x0000000089d00000, 0x0000000089e00000, 0x0000000089e00000|100%| E|CS|TAMS 0x0000000089d00000, 0x0000000089d00000| Complete 
| 158|0x0000000089e00000, 0x0000000089f00000, 0x0000000089f00000|100%| E|CS|TAMS 0x0000000089e00000, 0x0000000089e00000| Complete 
| 159|0x0000000089f00000, 0x000000008a000000, 0x000000008a000000|100%| E|CS|TAMS 0x0000000089f00000, 0x0000000089f00000| Complete 
| 160|0x000000008a000000, 0x000000008a100000, 0x000000008a100000|100%| E|CS|TAMS 0x000000008a000000, 0x000000008a000000| Complete 
| 161|0x000000008a100000, 0x000000008a200000, 0x000000008a200000|100%| E|CS|TAMS 0x000000008a100000, 0x000000008a100000| Complete 
| 162|0x000000008a200000, 0x000000008a300000, 0x000000008a300000|100%| E|CS|TAMS 0x000000008a200000, 0x000000008a200000| Complete 
| 163|0x000000008a300000, 0x000000008a400000, 0x000000008a400000|100%| E|CS|TAMS 0x000000008a300000, 0x000000008a300000| Complete 
| 164|0x000000008a400000, 0x000000008a500000, 0x000000008a500000|100%| E|CS|TAMS 0x000000008a400000, 0x000000008a400000| Complete 
| 165|0x000000008a500000, 0x000000008a600000, 0x000000008a600000|100%| E|CS|TAMS 0x000000008a500000, 0x000000008a500000| Complete 
| 166|0x000000008a600000, 0x000000008a700000, 0x000000008a700000|100%| E|CS|TAMS 0x000000008a600000, 0x000000008a600000| Complete 
| 167|0x000000008a700000, 0x000000008a800000, 0x000000008a800000|100%| E|CS|TAMS 0x000000008a700000, 0x000000008a700000| Complete 
| 168|0x000000008a800000, 0x000000008a900000, 0x000000008a900000|100%| E|CS|TAMS 0x000000008a800000, 0x000000008a800000| Complete 
| 169|0x000000008a900000, 0x000000008aa00000, 0x000000008aa00000|100%| E|CS|TAMS 0x000000008a900000, 0x000000008a900000| Complete 
| 170|0x000000008aa00000, 0x000000008ab00000, 0x000000008ab00000|100%| E|CS|TAMS 0x000000008aa00000, 0x000000008aa00000| Complete 
| 171|0x000000008ab00000, 0x000000008ac00000, 0x000000008ac00000|100%| E|CS|TAMS 0x000000008ab00000, 0x000000008ab00000| Complete 
| 172|0x000000008ac00000, 0x000000008ad00000, 0x000000008ad00000|100%| E|CS|TAMS 0x000000008ac00000, 0x000000008ac00000| Complete 
| 173|0x000000008ad00000, 0x000000008ae00000, 0x000000008ae00000|100%| E|CS|TAMS 0x000000008ad00000, 0x000000008ad00000| Complete 
| 174|0x000000008ae00000, 0x000000008af00000, 0x000000008af00000|100%| E|CS|TAMS 0x000000008ae00000, 0x000000008ae00000| Complete 
| 175|0x000000008af00000, 0x000000008b000000, 0x000000008b000000|100%| E|CS|TAMS 0x000000008af00000, 0x000000008af00000| Complete 
| 176|0x000000008b000000, 0x000000008b100000, 0x000000008b100000|100%| E|CS|TAMS 0x000000008b000000, 0x000000008b000000| Complete 
| 177|0x000000008b100000, 0x000000008b200000, 0x000000008b200000|100%| E|CS|TAMS 0x000000008b100000, 0x000000008b100000| Complete 
| 178|0x000000008b200000, 0x000000008b300000, 0x000000008b300000|100%| E|CS|TAMS 0x000000008b200000, 0x000000008b200000| Complete 
| 179|0x000000008b300000, 0x000000008b400000, 0x000000008b400000|100%| E|CS|TAMS 0x000000008b300000, 0x000000008b300000| Complete 
| 180|0x000000008b400000, 0x000000008b500000, 0x000000008b500000|100%| E|CS|TAMS 0x000000008b400000, 0x000000008b400000| Complete 
| 181|0x000000008b500000, 0x000000008b600000, 0x000000008b600000|100%| E|CS|TAMS 0x000000008b500000, 0x000000008b500000| Complete 
| 182|0x000000008b600000, 0x000000008b700000, 0x000000008b700000|100%| E|CS|TAMS 0x000000008b600000, 0x000000008b600000| Complete 
| 183|0x000000008b700000, 0x000000008b800000, 0x000000008b800000|100%| E|CS|TAMS 0x000000008b700000, 0x000000008b700000| Complete 
| 184|0x000000008b800000, 0x000000008b900000, 0x000000008b900000|100%| E|CS|TAMS 0x000000008b800000, 0x000000008b800000| Complete 
| 185|0x000000008b900000, 0x000000008ba00000, 0x000000008ba00000|100%| E|CS|TAMS 0x000000008b900000, 0x000000008b900000| Complete 
| 186|0x000000008ba00000, 0x000000008bb00000, 0x000000008bb00000|100%| E|CS|TAMS 0x000000008ba00000, 0x000000008ba00000| Complete 
| 187|0x000000008bb00000, 0x000000008bc00000, 0x000000008bc00000|100%| E|CS|TAMS 0x000000008bb00000, 0x000000008bb00000| Complete 
| 188|0x000000008bc00000, 0x000000008bd00000, 0x000000008bd00000|100%| E|CS|TAMS 0x000000008bc00000, 0x000000008bc00000| Complete 
| 189|0x000000008bd00000, 0x000000008be00000, 0x000000008be00000|100%| E|CS|TAMS 0x000000008bd00000, 0x000000008bd00000| Complete 
| 190|0x000000008be00000, 0x000000008bf00000, 0x000000008bf00000|100%| E|CS|TAMS 0x000000008be00000, 0x000000008be00000| Complete 
| 191|0x000000008bf00000, 0x000000008c000000, 0x000000008c000000|100%| E|CS|TAMS 0x000000008bf00000, 0x000000008bf00000| Complete 

Card table byte_map: [0x000001c7523f0000,0x000001c7527f0000] _byte_map_base: 0x000001c751ff0000

Marking Bits (Prev, Next): (CMBitMap*) 0x000001c73f53c388, (CMBitMap*) 0x000001c73f53c3c0
 Prev Bits: [0x000001c752bf0000, 0x000001c754bf0000)
 Next Bits: [0x000001c754bf0000, 0x000001c756bf0000)

Polling page: 0x000001c73d490000

Metaspace:

Usage:
  Non-class:     35.11 MB capacity,    34.48 MB ( 98%) used,   541.77 KB (  2%) free+waste,    97.69 KB ( <1%) overhead. 
      Class:      5.48 MB capacity,     5.09 MB ( 93%) used,   353.33 KB (  6%) free+waste,    47.50 KB ( <1%) overhead. 
       Both:     40.58 MB capacity,    39.57 MB ( 97%) used,   895.09 KB (  2%) free+waste,   145.19 KB ( <1%) overhead. 

Virtual space:
  Non-class space:       36.00 MB reserved,      35.25 MB ( 98%) committed 
      Class space:        1.00 GB reserved,       5.50 MB ( <1%) committed 
             Both:        1.04 GB reserved,      40.75 MB (  4%) committed 

Chunk freelists:
   Non-Class:  19.00 KB
       Class:  24.00 KB
        Both:  43.00 KB

MaxMetaspaceSize: 17179869184.00 GB
CompressedClassSpaceSize: 1.00 GB

CodeHeap 'non-profiled nmethods': size=120064Kb used=1779Kb max_used=1779Kb free=118284Kb
 bounds [0x000001c74aab0000, 0x000001c74ad20000, 0x000001c751ff0000]
CodeHeap 'profiled nmethods': size=120000Kb used=7550Kb max_used=7550Kb free=112450Kb
 bounds [0x000001c743580000, 0x000001c743ce0000, 0x000001c74aab0000]
CodeHeap 'non-nmethods': size=5696Kb used=2199Kb max_used=2225Kb free=3496Kb
 bounds [0x000001c742ff0000, 0x000001c743260000, 0x000001c743580000]
 total_blobs=4321 nmethods=3558 adapters=674
 compilation: enabled
              stopped_count=0, restarted_count=0
 full_count=0

Compilation events (20 events):
Event: 11.129 Thread 0x000001c759981000 3559       3       java.util.ArrayDeque::removeFirst (19 bytes)
Event: 11.129 Thread 0x000001c759981000 nmethod 3559 0x000001c743cdcd90 code [0x000001c743cdcf60, 0x000001c743cdd198]
Event: 11.130 Thread 0x000001c759980000 3560       4       org.objectweb.asm.Frame::push (109 bytes)
Event: 11.130 Thread 0x000001c759981000 3561       1       com.google.common.collect.LinkedHashMultimap$ValueSet::access$000 (5 bytes)
Event: 11.130 Thread 0x000001c759981000 nmethod 3561 0x000001c74ac6af90 code [0x000001c74ac6b140, 0x000001c74ac6b1d8]
Event: 11.133 Thread 0x000001c759981000 3562       1       com.google.common.collect.RegularImmutableSet::size (5 bytes)
Event: 11.133 Thread 0x000001c759981000 nmethod 3562 0x000001c74ac6b290 code [0x000001c74ac6b440, 0x000001c74ac6b4f8]
Event: 11.140 Thread 0x000001c759980000 nmethod 3560 0x000001c74ac6b590 code [0x000001c74ac6b740, 0x000001c74ac6bcb8]
Event: 11.141 Thread 0x000001c759981000 3563       3       org.gradle.internal.instantiation.generator.AbstractClassGenerator::isPropertyType (33 bytes)
Event: 11.141 Thread 0x000001c759981000 nmethod 3563 0x000001c743cdd290 code [0x000001c743cdd480, 0x000001c743cdd6e8]
Event: 11.143 Thread 0x000001c759981000 3564       3       org.gradle.internal.instantiation.generator.AbstractClassGenerator::isLazyAttachProperty (46 bytes)
Event: 11.144 Thread 0x000001c759981000 nmethod 3564 0x000001c743cdd810 code [0x000001c743cdda80, 0x000001c743cde498]
Event: 11.150 Thread 0x000001c759981000 3568       3       org.gradle.launcher.daemon.server.exec.DaemonConnectionBackedEventConsumer$ForwardEvents::moreMessagesToSend (35 bytes)
Event: 11.151 Thread 0x000001c759981000 nmethod 3568 0x000001c743cde810 code [0x000001c743cde9e0, 0x000001c743cdec88]
Event: 11.151 Thread 0x000001c759981000 3569   !   3       org.gradle.launcher.daemon.server.exec.DaemonConnectionBackedEventConsumer$ForwardEvents::getNextEvent (27 bytes)
Event: 11.151 Thread 0x000001c759981000 nmethod 3569 0x000001c743cded90 code [0x000001c743cdef60, 0x000001c743cdf1a8]
Event: 11.162 Thread 0x000001c759981000 3571       3       org.gradle.internal.instantiation.generator.AbstractClassGenerator$MethodMetadata::shouldImplement (16 bytes)
Event: 11.162 Thread 0x000001c759981000 nmethod 3571 0x000001c743cdf310 code [0x000001c743cdf4c0, 0x000001c743cdf6f8]
Event: 11.164 Thread 0x000001c759980000 3572       4       java.util.HashMap::containsKey (18 bytes)
Event: 11.171 Thread 0x000001c759980000 nmethod 3572 0x000001c74ac6c890 code [0x000001c74ac6ca40, 0x000001c74ac6ccd8]

GC Heap History (14 events):
Event: 3.199 GC heap before
{Heap before GC invocations=0 (full 0):
 garbage-first heap   total 196608K, used 19456K [0x0000000080000000, 0x0000000100000000)
  region size 1024K, 14 young (14336K), 0 survivors (0K)
 Metaspace       used 6744K, capacity 6925K, committed 7168K, reserved 1056768K
  class space    used 582K, capacity 650K, committed 768K, reserved 1048576K
}
Event: 3.214 GC heap after
{Heap after GC invocations=1 (full 0):
 garbage-first heap   total 196608K, used 7888K [0x0000000080000000, 0x0000000100000000)
  region size 1024K, 2 young (2048K), 2 survivors (2048K)
 Metaspace       used 6744K, capacity 6925K, committed 7168K, reserved 1056768K
  class space    used 582K, capacity 650K, committed 768K, reserved 1048576K
}
Event: 3.785 GC heap before
{Heap before GC invocations=1 (full 0):
 garbage-first heap   total 196608K, used 20176K [0x0000000080000000, 0x0000000100000000)
  region size 1024K, 14 young (14336K), 2 survivors (2048K)
 Metaspace       used 10213K, capacity 10425K, committed 10624K, reserved 1058816K
  class space    used 1064K, capacity 1139K, committed 1152K, reserved 1048576K
}
Event: 3.790 GC heap after
{Heap after GC invocations=2 (full 0):
 garbage-first heap   total 196608K, used 9312K [0x0000000080000000, 0x0000000100000000)
  region size 1024K, 2 young (2048K), 2 survivors (2048K)
 Metaspace       used 10213K, capacity 10425K, committed 10624K, reserved 1058816K
  class space    used 1064K, capacity 1139K, committed 1152K, reserved 1048576K
}
Event: 4.640 GC heap before
{Heap before GC invocations=2 (full 0):
 garbage-first heap   total 196608K, used 39008K [0x0000000080000000, 0x0000000100000000)
  region size 1024K, 31 young (31744K), 2 survivors (2048K)
 Metaspace       used 11151K, capacity 11442K, committed 11520K, reserved 1058816K
  class space    used 1166K, capacity 1243K, committed 1280K, reserved 1048576K
}
Event: 4.645 GC heap after
{Heap after GC invocations=3 (full 0):
 garbage-first heap   total 196608K, used 11045K [0x0000000080000000, 0x0000000100000000)
  region size 1024K, 3 young (3072K), 3 survivors (3072K)
 Metaspace       used 11151K, capacity 11442K, committed 11520K, reserved 1058816K
  class space    used 1166K, capacity 1243K, committed 1280K, reserved 1048576K
}
Event: 6.869 GC heap before
{Heap before GC invocations=3 (full 0):
 garbage-first heap   total 196608K, used 72485K [0x0000000080000000, 0x0000000100000000)
  region size 1024K, 63 young (64512K), 3 survivors (3072K)
 Metaspace       used 19895K, capacity 20351K, committed 20480K, reserved 1067008K
  class space    used 2419K, capacity 2556K, committed 2560K, reserved 1048576K
}
Event: 6.882 GC heap after
{Heap after GC invocations=4 (full 0):
 garbage-first heap   total 196608K, used 16772K [0x0000000080000000, 0x0000000100000000)
  region size 1024K, 8 young (8192K), 8 survivors (8192K)
 Metaspace       used 19895K, capacity 20351K, committed 20480K, reserved 1067008K
  class space    used 2419K, capacity 2556K, committed 2560K, reserved 1048576K
}
Event: 6.978 GC heap before
{Heap before GC invocations=4 (full 0):
 garbage-first heap   total 196608K, used 20868K [0x0000000080000000, 0x0000000100000000)
  region size 1024K, 13 young (13312K), 8 survivors (8192K)
 Metaspace       used 20583K, capacity 21123K, committed 21296K, reserved 1069056K
  class space    used 2511K, capacity 2669K, committed 2688K, reserved 1048576K
}
Event: 6.990 GC heap after
{Heap after GC invocations=5 (full 0):
 garbage-first heap   total 196608K, used 17462K [0x0000000080000000, 0x0000000100000000)
  region size 1024K, 1 young (1024K), 1 survivors (1024K)
 Metaspace       used 20583K, capacity 21123K, committed 21296K, reserved 1069056K
  class space    used 2511K, capacity 2669K, committed 2688K, reserved 1048576K
}
Event: 8.208 GC heap before
{Heap before GC invocations=6 (full 0):
 garbage-first heap   total 196608K, used 76854K [0x0000000080000000, 0x0000000100000000)
  region size 1024K, 55 young (56320K), 1 survivors (1024K)
 Metaspace       used 26138K, capacity 26921K, committed 27008K, reserved 1073152K
  class space    used 3426K, capacity 3688K, committed 3712K, reserved 1048576K
}
Event: 8.215 GC heap after
{Heap after GC invocations=7 (full 0):
 garbage-first heap   total 196608K, used 25910K [0x0000000080000000, 0x0000000100000000)
  region size 1024K, 5 young (5120K), 5 survivors (5120K)
 Metaspace       used 26138K, capacity 26921K, committed 27008K, reserved 1073152K
  class space    used 3426K, capacity 3688K, committed 3712K, reserved 1048576K
}
Event: 9.594 GC heap before
{Heap before GC invocations=7 (full 0):
 garbage-first heap   total 196608K, used 92470K [0x0000000080000000, 0x0000000100000000)
  region size 1024K, 66 young (67584K), 5 survivors (5120K)
 Metaspace       used 34957K, capacity 35865K, committed 35968K, reserved 1081344K
  class space    used 4575K, capacity 4926K, committed 4992K, reserved 1048576K
}
Event: 9.612 GC heap after
{Heap after GC invocations=8 (full 0):
 garbage-first heap   total 196608K, used 35515K [0x0000000080000000, 0x0000000100000000)
  region size 1024K, 9 young (9216K), 9 survivors (9216K)
 Metaspace       used 34957K, capacity 35865K, committed 35968K, reserved 1081344K
  class space    used 4575K, capacity 4926K, committed 4992K, reserved 1048576K
}

Deoptimization events (20 events):
Event: 10.345 Thread 0x000001c75bf93000 DEOPT PACKING pc=0x000001c743c2df18 sp=0x000000b219bf8c00
Event: 10.345 Thread 0x000001c75bf93000 DEOPT UNPACKING pc=0x000001c7430176ce sp=0x000000b219bf8110 mode 0
Event: 10.347 Thread 0x000001c75bf93000 DEOPT PACKING pc=0x000001c743c2df18 sp=0x000000b219bf8c00
Event: 10.347 Thread 0x000001c75bf93000 DEOPT UNPACKING pc=0x000001c7430176ce sp=0x000000b219bf8110 mode 0
Event: 10.424 Thread 0x000001c75bf93000 Uncommon trap: trap_request=0xffffffde fr.pc=0x000001c74ac2e0ec relative=0x000000000000044c
Event: 10.424 Thread 0x000001c75bf93000 Uncommon trap: reason=class_check action=maybe_recompile pc=0x000001c74ac2e0ec method=java.util.regex.Pattern$Start.match(Ljava/util/regex/Matcher;ILjava/lang/CharSequence;)Z @ 44 c2
Event: 10.424 Thread 0x000001c75bf93000 DEOPT PACKING pc=0x000001c74ac2e0ec sp=0x000000b219bf8330
Event: 10.424 Thread 0x000001c75bf93000 DEOPT UNPACKING pc=0x000001c7430178af sp=0x000000b219bf8260 mode 2
Event: 10.427 Thread 0x000001c75bf93000 Uncommon trap: trap_request=0xffffffde fr.pc=0x000001c74ac2e0ec relative=0x000000000000044c
Event: 10.427 Thread 0x000001c75bf93000 Uncommon trap: reason=class_check action=maybe_recompile pc=0x000001c74ac2e0ec method=java.util.regex.Pattern$Start.match(Ljava/util/regex/Matcher;ILjava/lang/CharSequence;)Z @ 44 c2
Event: 10.427 Thread 0x000001c75bf93000 DEOPT PACKING pc=0x000001c74ac2e0ec sp=0x000000b219bf8330
Event: 10.427 Thread 0x000001c75bf93000 DEOPT UNPACKING pc=0x000001c7430178af sp=0x000000b219bf8260 mode 2
Event: 10.473 Thread 0x000001c75bf93000 Uncommon trap: trap_request=0xffffffde fr.pc=0x000001c74ac2e0ec relative=0x000000000000044c
Event: 10.473 Thread 0x000001c75bf93000 Uncommon trap: reason=class_check action=maybe_recompile pc=0x000001c74ac2e0ec method=java.util.regex.Pattern$Start.match(Ljava/util/regex/Matcher;ILjava/lang/CharSequence;)Z @ 44 c2
Event: 10.473 Thread 0x000001c75bf93000 DEOPT PACKING pc=0x000001c74ac2e0ec sp=0x000000b219bf8870
Event: 10.473 Thread 0x000001c75bf93000 DEOPT UNPACKING pc=0x000001c7430178af sp=0x000000b219bf87a0 mode 2
Event: 10.474 Thread 0x000001c75bf93000 Uncommon trap: trap_request=0xffffffde fr.pc=0x000001c74ac2e0ec relative=0x000000000000044c
Event: 10.474 Thread 0x000001c75bf93000 Uncommon trap: reason=class_check action=maybe_recompile pc=0x000001c74ac2e0ec method=java.util.regex.Pattern$Start.match(Ljava/util/regex/Matcher;ILjava/lang/CharSequence;)Z @ 44 c2
Event: 10.474 Thread 0x000001c75bf93000 DEOPT PACKING pc=0x000001c74ac2e0ec sp=0x000000b219bf8870
Event: 10.474 Thread 0x000001c75bf93000 DEOPT UNPACKING pc=0x000001c7430178af sp=0x000000b219bf87a0 mode 2

Classes redefined (0 events):
No events

Internal exceptions (20 events):
Event: 10.423 Thread 0x000001c75bf93000 Exception <a 'java/lang/ClassNotFoundException'{0x000000008a0b5c50}: org/gradle/groovy/scripts/DefaultScriptCustomizer> (0x000000008a0b5c50) thrown at [./src/hotspot/share/classfile/systemDictionary.cpp, line 231]
Event: 10.430 Thread 0x000001c75bf93000 Exception <a 'java/lang/ClassNotFoundException'{0x0000000089f00eb8}: org/gradle/initialization/InitScriptCustomizer> (0x0000000089f00eb8) thrown at [./src/hotspot/share/classfile/systemDictionary.cpp, line 231]
Event: 10.431 Thread 0x000001c75bf93000 Exception <a 'java/lang/ClassNotFoundException'{0x0000000089f153f0}: sync_studio_tooling10_2jj5ck4y7n53hk29j3idwbtk5Customizer> (0x0000000089f153f0) thrown at [./src/hotspot/share/classfile/systemDictionary.cpp, line 231]
Event: 10.448 Thread 0x000001c75bf93000 Exception <a 'java/lang/ClassNotFoundException'{0x0000000089ff3f20}: org/gradle/internal/extensibility/DefaultExtraPropertiesExtensionBeanInfo> (0x0000000089ff3f20) thrown at [./src/hotspot/share/classfile/systemDictionary.cpp, line 231]
Event: 10.448 Thread 0x000001c75bf93000 Exception <a 'java/lang/ClassNotFoundException'{0x0000000089e0c980}: org/gradle/internal/extensibility/DefaultExtraPropertiesExtensionCustomizer> (0x0000000089e0c980) thrown at [./src/hotspot/share/classfile/systemDictionary.cpp, line 231]
Event: 10.469 Thread 0x000001c75bf93000 Exception <a 'java/lang/ClassNotFoundException'{0x0000000089d107d0}: groovy/lang/Closure$1BeanInfo> (0x0000000089d107d0) thrown at [./src/hotspot/share/classfile/systemDictionary.cpp, line 231]
Event: 10.471 Thread 0x000001c75bf93000 Exception <a 'java/lang/ClassNotFoundException'{0x0000000089d41ae8}: groovy/lang/ClosureBeanInfo> (0x0000000089d41ae8) thrown at [./src/hotspot/share/classfile/systemDictionary.cpp, line 231]
Event: 10.472 Thread 0x000001c75bf93000 Exception <a 'java/lang/ClassNotFoundException'{0x0000000089d72958}: groovy/lang/ClosureCustomizer> (0x0000000089d72958) thrown at [./src/hotspot/share/classfile/systemDictionary.cpp, line 231]
Event: 10.477 Thread 0x000001c75bf93000 Exception <a 'java/lang/ClassNotFoundException'{0x0000000089dc63e8}: groovy/lang/Closure$1Customizer> (0x0000000089dc63e8) thrown at [./src/hotspot/share/classfile/systemDictionary.cpp, line 231]
Event: 10.597 Thread 0x000001c75bf93000 Exception <a 'java/lang/ClassNotFoundException'{0x0000000089903640}: org/gradle/internal/metaobject/ConfigureDelegateBeanInfo> (0x0000000089903640) thrown at [./src/hotspot/share/classfile/systemDictionary.cpp, line 231]
Event: 10.597 Thread 0x000001c75bf93000 Exception <a 'java/lang/ClassNotFoundException'{0x00000000899273e8}: org/gradle/internal/metaobject/ConfigureDelegateCustomizer> (0x00000000899273e8) thrown at [./src/hotspot/share/classfile/systemDictionary.cpp, line 231]
Event: 10.605 Thread 0x000001c75bf93000 Exception <a 'java/lang/ClassNotFoundException'{0x000000008999ad20}: org/gradle/api/internal/initialization/DefaultScriptHandlerBeanInfo> (0x000000008999ad20) thrown at [./src/hotspot/share/classfile/systemDictionary.cpp, line 231]
Event: 10.606 Thread 0x000001c75bf93000 Exception <a 'java/lang/ClassNotFoundException'{0x00000000899c2d28}: org/gradle/api/internal/initialization/DefaultScriptHandlerCustomizer> (0x00000000899c2d28) thrown at [./src/hotspot/share/classfile/systemDictionary.cpp, line 231]
Event: 10.978 Thread 0x000001c75bf93000 Exception <a 'java/lang/ClassNotFoundException'{0x000000008904b690}: org/gradle/api/internal/artifacts/dsl/dependencies/DefaultDependencyHandler_DecoratedBeanInfo> (0x000000008904b690) thrown at [./src/hotspot/share/classfile/systemDictionary.cpp, line 231]
Event: 10.980 Thread 0x000001c75bf93000 Exception <a 'java/lang/ClassNotFoundException'{0x0000000089087e70}: org/gradle/api/internal/artifacts/dsl/dependencies/DefaultDependencyHandlerBeanInfo> (0x0000000089087e70) thrown at [./src/hotspot/share/classfile/systemDictionary.cpp, line 231]
Event: 10.981 Thread 0x000001c75bf93000 Exception <a 'java/lang/ClassNotFoundException'{0x00000000890c4398}: org/gradle/api/internal/artifacts/dsl/dependencies/DefaultDependencyHandlerCustomizer> (0x00000000890c4398) thrown at [./src/hotspot/share/classfile/systemDictionary.cpp, line 231]
Event: 10.988 Thread 0x000001c75bf93000 Exception <a 'java/lang/ClassNotFoundException'{0x0000000088f2a4c0}: org/gradle/api/internal/artifacts/dsl/dependencies/DefaultDependencyHandler_DecoratedCustomizer> (0x0000000088f2a4c0) thrown at [./src/hotspot/share/classfile/systemDictionary.cpp, line 231]
Event: 11.023 Thread 0x000001c75bf93000 Exception <a 'java/lang/NoSuchMethodError'{0x0000000088e0c448}: 'int java.lang.invoke.DirectMethodHandle$Holder.invokeVirtual(java.lang.Object, java.lang.Object)'> (0x0000000088e0c448) thrown at [./src/hotspot/share/interpreter/linkResolver.cpp, line 773]
Event: 11.065 Thread 0x000001c75bf93000 Exception <a 'java/lang/NoSuchMethodError'{0x0000000088d66370}: 'java.lang.Object java.lang.invoke.DirectMethodHandle$Holder.invokeStatic(java.lang.Object, java.lang.Object, int, java.lang.Object)'> (0x0000000088d66370) thrown at [./src/hotspot/share/interpreter/linkResolver.cpp, line 773]
Event: 11.066 Thread 0x000001c75bf93000 Exception <a 'java/lang/NoSuchMethodError'{0x0000000088d6d360}: 'java.lang.Object java.lang.invoke.Invokers$Holder.linkToTargetMethod(java.lang.Object, int, java.lang.Object, java.lang.Object)'> (0x0000000088d6d360) thrown at [./src/hotspot/share/interpreter/linkResolver.cpp, line 773]

Events (20 events):
Event: 11.182 loading class org/gradle/api/internal/artifacts/ivyservice/resolveengine/ComponentResolversChain$ArtifactResolverChain
Event: 11.182 loading class org/gradle/api/internal/artifacts/ivyservice/resolveengine/ComponentResolversChain$ArtifactResolverChain done
Event: 11.183 loading class org/gradle/internal/resolve/resolver/DefaultArtifactSelector
Event: 11.183 loading class org/gradle/internal/resolve/resolver/DefaultArtifactSelector done
Event: 11.183 loading class org/gradle/api/internal/artifacts/ivyservice/clientmodule/ClientModuleResolver
Event: 11.183 loading class org/gradle/api/internal/artifacts/ivyservice/clientmodule/ClientModuleResolver done
Event: 11.184 loading class org/gradle/api/internal/artifacts/ivyservice/resolveengine/DefaultArtifactDependencyResolver$DefaultResolveContextToComponentResolver
Event: 11.184 loading class org/gradle/api/internal/artifacts/ivyservice/resolveengine/DefaultArtifactDependencyResolver$DefaultResolveContextToComponentResolver done
Event: 11.185 loading class org/gradle/api/internal/artifacts/ivyservice/resolveengine/ConflictResolverFactory
Event: 11.185 loading class org/gradle/api/internal/artifacts/ivyservice/resolveengine/ConflictResolverFactory done
Event: 11.185 loading class org/gradle/api/internal/artifacts/ivyservice/resolveengine/ModuleConflictResolver
Event: 11.185 loading class org/gradle/api/internal/artifacts/ivyservice/resolveengine/ModuleConflictResolver done
Event: 11.186 loading class org/gradle/api/internal/artifacts/ivyservice/resolveengine/LatestModuleConflictResolver
Event: 11.186 loading class org/gradle/api/internal/artifacts/ivyservice/resolveengine/LatestModuleConflictResolver done
Event: 11.187 loading class org/gradle/api/internal/artifacts/ivyservice/resolveengine/graph/conflicts/DefaultConflictHandler
Event: 11.187 loading class org/gradle/api/internal/artifacts/ivyservice/resolveengine/graph/conflicts/DefaultConflictHandler done
Event: 11.188 loading class org/gradle/api/internal/artifacts/ivyservice/resolveengine/ConflictResolverDetails
Event: 11.188 loading class org/gradle/api/internal/artifacts/ivyservice/resolveengine/ConflictResolverDetails done
Event: 11.189 loading class org/gradle/api/internal/artifacts/ivyservice/resolveengine/graph/conflicts/CompositeConflictResolver
Event: 11.189 loading class org/gradle/api/internal/artifacts/ivyservice/resolveengine/graph/conflicts/CompositeConflictResolver done


Dynamic libraries:
0x00007ff7c7e20000 - 0x00007ff7c7e2a000 	C:\Program Files\Android\Android Studio4\jre\bin\java.exe
0x00007ff8596d0000 - 0x00007ff8598c7000 	C:\WINDOWS\SYSTEM32\ntdll.dll
0x00007ff8584d0000 - 0x00007ff85858d000 	C:\WINDOWS\System32\KERNEL32.DLL
0x00007ff857190000 - 0x00007ff85745d000 	C:\WINDOWS\System32\KERNELBASE.dll
0x00007ff856ec0000 - 0x00007ff856fc0000 	C:\WINDOWS\System32\ucrtbase.dll
0x00007ff8459e0000 - 0x00007ff8459f9000 	C:\Program Files\Android\Android Studio4\jre\bin\jli.dll
0x00007ff857c00000 - 0x00007ff857da0000 	C:\WINDOWS\System32\USER32.dll
0x00007ff857700000 - 0x00007ff857722000 	C:\WINDOWS\System32\win32u.dll
0x00007ff858730000 - 0x00007ff85875a000 	C:\WINDOWS\System32\GDI32.dll
0x00007ff857080000 - 0x00007ff85718b000 	C:\WINDOWS\System32\gdi32full.dll
0x00007ff856df0000 - 0x00007ff856e8d000 	C:\WINDOWS\System32\msvcp_win.dll
0x00007ff850270000 - 0x00007ff850287000 	C:\Program Files\Android\Android Studio4\jre\bin\VCRUNTIME140.dll
0x00007ff83f150000 - 0x00007ff83f3ea000 	C:\WINDOWS\WinSxS\amd64_microsoft.windows.common-controls_6595b64144ccf1df_6.0.19041.1110_none_60b5254171f9507e\COMCTL32.dll
0x00007ff858960000 - 0x00007ff8589fe000 	C:\WINDOWS\System32\msvcrt.dll
0x00007ff858b80000 - 0x00007ff858bb0000 	C:\WINDOWS\System32\IMM32.DLL
0x00007ff839aa0000 - 0x00007ff839b3d000 	C:\Program Files\Android\Android Studio4\jre\bin\msvcp140.dll
0x00007fffd54c0000 - 0x00007fffd5f8f000 	C:\Program Files\Android\Android Studio4\jre\bin\server\jvm.dll
0x00007ff8588b0000 - 0x00007ff85895e000 	C:\WINDOWS\System32\ADVAPI32.dll
0x00007ff858bb0000 - 0x00007ff858c4c000 	C:\WINDOWS\System32\sechost.dll
0x00007ff858600000 - 0x00007ff858725000 	C:\WINDOWS\System32\RPCRT4.dll
0x00007ff858760000 - 0x00007ff858768000 	C:\WINDOWS\System32\PSAPI.DLL
0x00007ff8427f0000 - 0x00007ff8427f9000 	C:\WINDOWS\SYSTEM32\WSOCK32.dll
0x00007ff858590000 - 0x00007ff8585fb000 	C:\WINDOWS\System32\WS2_32.dll
0x00007ff840bc0000 - 0x00007ff840be7000 	C:\WINDOWS\SYSTEM32\WINMM.dll
0x00007ff84ec00000 - 0x00007ff84ec0a000 	C:\WINDOWS\SYSTEM32\VERSION.dll
0x00007ff854cf0000 - 0x00007ff854d02000 	C:\WINDOWS\SYSTEM32\kernel.appcore.dll
0x00007ff84cb20000 - 0x00007ff84cb31000 	C:\Program Files\Android\Android Studio4\jre\bin\verify.dll
0x00007ff8545a0000 - 0x00007ff854784000 	C:\WINDOWS\SYSTEM32\DBGHELP.DLL
0x00007ff84d990000 - 0x00007ff84d9bc000 	C:\WINDOWS\SYSTEM32\dbgcore.DLL
0x00007ff8575c0000 - 0x00007ff857642000 	C:\WINDOWS\System32\bcryptPrimitives.dll
0x00007ff84caf0000 - 0x00007ff84cb19000 	C:\Program Files\Android\Android Studio4\jre\bin\java.dll
0x00007ff84cae0000 - 0x00007ff84caeb000 	C:\Program Files\Android\Android Studio4\jre\bin\jimage.dll
0x00007ff845b00000 - 0x00007ff845b18000 	C:\Program Files\Android\Android Studio4\jre\bin\zip.dll
0x00007ff858c50000 - 0x00007ff859394000 	C:\WINDOWS\System32\SHELL32.dll
0x00007ff854ef0000 - 0x00007ff855684000 	C:\WINDOWS\SYSTEM32\windows.storage.dll
0x00007ff857ee0000 - 0x00007ff858234000 	C:\WINDOWS\System32\combase.dll
0x00007ff856850000 - 0x00007ff85687c000 	C:\WINDOWS\SYSTEM32\Wldp.dll
0x00007ff857da0000 - 0x00007ff857e4d000 	C:\WINDOWS\System32\SHCORE.dll
0x00007ff857ba0000 - 0x00007ff857bf5000 	C:\WINDOWS\System32\shlwapi.dll
0x00007ff856d30000 - 0x00007ff856d4f000 	C:\WINDOWS\SYSTEM32\profapi.dll
0x00007ff845ae0000 - 0x00007ff845afa000 	C:\Program Files\Android\Android Studio4\jre\bin\net.dll
0x00007ff84d030000 - 0x00007ff84d13a000 	C:\WINDOWS\SYSTEM32\WINHTTP.dll
0x00007ff8565b0000 - 0x00007ff85661a000 	C:\WINDOWS\system32\mswsock.dll
0x00007ff845ac0000 - 0x00007ff845ad4000 	C:\Program Files\Android\Android Studio4\jre\bin\nio.dll
0x00007ff83eed0000 - 0x00007ff83eef7000 	C:\Users\leoba\.gradle\native\8bec1ad78214c89d9ad589b4d07fe93259594b29d510b10fafb7a158f7737e5d\windows-amd64\native-platform.dll
0x00007ff81f170000 - 0x00007ff81f2ad000 	C:\Users\leoba\.gradle\native\53dbd7edfb1c66fb8903c78663c9afc45aea4f116125fa6feffd364cf09443e8\windows-amd64\native-platform-file-events.dll
0x00007ff84cad0000 - 0x00007ff84cada000 	C:\Program Files\Android\Android Studio4\jre\bin\management.dll
0x00007ff845940000 - 0x00007ff84594c000 	C:\Program Files\Android\Android Studio4\jre\bin\management_ext.dll
0x00007ff8567a0000 - 0x00007ff8567b8000 	C:\WINDOWS\SYSTEM32\CRYPTSP.dll
0x00007ff855ec0000 - 0x00007ff855ef4000 	C:\WINDOWS\system32\rsaenh.dll
0x00007ff856e90000 - 0x00007ff856eb7000 	C:\WINDOWS\System32\bcrypt.dll
0x00007ff856cf0000 - 0x00007ff856d1e000 	C:\WINDOWS\SYSTEM32\USERENV.dll
0x00007ff8567c0000 - 0x00007ff8567cc000 	C:\WINDOWS\SYSTEM32\CRYPTBASE.dll
0x00007ff856250000 - 0x00007ff85628b000 	C:\WINDOWS\SYSTEM32\IPHLPAPI.DLL
0x00007ff8595d0000 - 0x00007ff8595d8000 	C:\WINDOWS\System32\NSI.dll
0x00007ff84d970000 - 0x00007ff84d987000 	C:\WINDOWS\SYSTEM32\dhcpcsvc6.DLL
0x00007ff84e040000 - 0x00007ff84e05d000 	C:\WINDOWS\SYSTEM32\dhcpcsvc.DLL
0x00007ff856290000 - 0x00007ff85635b000 	C:\WINDOWS\SYSTEM32\DNSAPI.dll

dbghelp: loaded successfully - version: 4.0.5 - missing functions: none
symbol engine: initialized successfully - sym options: 0x614 - pdb path: .;C:\Program Files\Android\Android Studio4\jre\bin;C:\WINDOWS\SYSTEM32;C:\WINDOWS\WinSxS\amd64_microsoft.windows.common-controls_6595b64144ccf1df_6.0.19041.1110_none_60b5254171f9507e;C:\Program Files\Android\Android Studio4\jre\bin\server;C:\Users\leoba\.gradle\native\8bec1ad78214c89d9ad589b4d07fe93259594b29d510b10fafb7a158f7737e5d\windows-amd64;C:\Users\leoba\.gradle\native\53dbd7edfb1c66fb8903c78663c9afc45aea4f116125fa6feffd364cf09443e8\windows-amd64

VM Arguments:
jvm_args: --add-opens=java.base/java.util=ALL-UNNAMED --add-opens=java.base/java.lang=ALL-UNNAMED --add-opens=java.base/java.lang.invoke=ALL-UNNAMED --add-opens=java.base/java.util=ALL-UNNAMED --add-opens=java.prefs/java.util.prefs=ALL-UNNAMED --add-opens=java.prefs/java.util.prefs=ALL-UNNAMED --add-opens=java.base/java.nio.charset=ALL-UNNAMED --add-opens=java.base/java.net=ALL-UNNAMED --add-opens=java.base/java.util.concurrent.atomic=ALL-UNNAMED -Xmx2048m -Dfile.encoding=UTF-8 -Duser.country=ES -Duser.language=es -Duser.variant 
java_command: org.gradle.launcher.daemon.bootstrap.GradleDaemon 7.0.2
java_class_path (initial): C:\Users\leoba\.gradle\wrapper\dists\gradle-7.0.2-bin\857tjihv64xamwrf0h14cai3r\gradle-7.0.2\lib\gradle-launcher-7.0.2.jar
Launcher Type: SUN_STANDARD

[Global flags]
     intx CICompilerCount                          = 3                                         {product} {ergonomic}
     uint ConcGCThreads                            = 1                                         {product} {ergonomic}
     uint G1ConcRefinementThreads                  = 4                                         {product} {ergonomic}
   size_t G1HeapRegionSize                         = 1048576                                   {product} {ergonomic}
    uintx GCDrainStackTargetSize                   = 64                                        {product} {ergonomic}
   size_t InitialHeapSize                          = 201326592                                 {product} {ergonomic}
   size_t MarkStackSize                            = 4194304                                   {product} {ergonomic}
   size_t MaxHeapSize                              = 2147483648                                {product} {command line}
   size_t MaxNewSize                               = 1287651328                                {product} {ergonomic}
   size_t MinHeapDeltaBytes                        = 1048576                                   {product} {ergonomic}
    uintx NonNMethodCodeHeapSize                   = 5830732                                {pd product} {ergonomic}
    uintx NonProfiledCodeHeapSize                  = 122913754                              {pd product} {ergonomic}
    uintx ProfiledCodeHeapSize                     = 122913754                              {pd product} {ergonomic}
    uintx ReservedCodeCacheSize                    = 251658240                              {pd product} {ergonomic}
     bool SegmentedCodeCache                       = true                                      {product} {ergonomic}
     bool UseCompressedClassPointers               = true                                 {lp64_product} {ergonomic}
     bool UseCompressedOops                        = true                                 {lp64_product} {ergonomic}
     bool UseG1GC                                  = true                                      {product} {ergonomic}
     bool UseLargePagesIndividualAllocation        = false                                  {pd product} {ergonomic}

Logging:
Log output configuration:
 #0: stdout all=warning uptime,level,tags
 #1: stderr all=off uptime,level,tags

Environment Variables:
PATH=C:\Program Files (x86)\Intel\Intel(R) Management Engine Components\iCLS\;C:\Program Files\Intel\Intel(R) Management Engine Components\iCLS\;C:\WINDOWS\system32;C:\WINDOWS;C:\WINDOWS\System32\Wbem;C:\WINDOWS\System32\WindowsPowerShell\v1.0\;C:\Program Files (x86)\Intel\Intel(R) Management Engine Components\DAL;C:\Program Files\Intel\Intel(R) Management Engine Components\DAL;C:\Program Files (x86)\Intel\Intel(R) Management Engine Components\IPT;C:\Program Files\Intel\Intel(R) Management Engine Components\IPT;c:\Program Files (x86)\Microsoft SQL Server\100\Tools\Binn\;c:\Program Files\Microsoft SQL Server\100\Tools\Binn\;c:\Program Files\Microsoft SQL Server\100\DTS\Binn\;c:\Program Files (x86)\Microsoft SQL Server\100\Tools\Binn\VSShell\Common7\IDE\;c:\Program Files (x86)\Microsoft SQL Server\100\DTS\Binn\;C:\WINDOWS\system32\config\systemprofile\.dnx\bin;C:\Program Files\Microsoft DNX\Dnvm\;C:\Program Files\Microsoft SQL Server\130\Tools\Binn\;C:\WINDOWS\System32\OpenSSH\;C:\Program Files\Git\cmd;C:\Users\leoba\AppData\Local\Microsoft\WindowsApps;C:\Users\leoba\AppData\Local\GitHubDesktop\bin;%USERPROFILE%\AppData\Local\Microsoft\WindowsApps;
USERNAME=leoba
OS=Windows_NT
PROCESSOR_IDENTIFIER=Intel64 Family 6 Model 142 Stepping 10, GenuineIntel



---------------  S Y S T E M  ---------------

OS: Windows 10 , 64 bit Build 19041 (10.0.19041.1741)
OS uptime: 3 days 16:42 hours

CPU:total 4 (initial active 4) (2 cores per cpu, 2 threads per core) family 6 model 142 stepping 10 microcode 0xb4, cmov, cx8, fxsr, mmx, sse, sse2, sse3, ssse3, sse4.1, sse4.2, popcnt, avx, avx2, aes, clmul, erms, 3dnowpref, lzcnt, ht, tsc, tscinvbit, bmi1, bmi2, adx, fma

Memory: 4k page, system-wide physical 12197M (719M free)
TotalPageFile size 12197M (AvailPageFile size 5M)
current process WorkingSet (physical memory assigned to process): 255M, peak: 255M
current process commit charge ("private bytes"): 375M, peak: 376M

vm_info: OpenJDK 64-Bit Server VM (11.0.10+0-b96-7249189) for windows-amd64 JRE (11.0.10+0-b96-7249189), built on Mar 31 2021 21:44:00 by "builder" with MS VC++ 14.0 (VS2015)

END.
